{"meta": {"format": 3, "version": "7.13.4", "timestamp": "2026-03-06T13:42:13.029627", "branch_coverage": false, "show_contexts": false}, "files": {"src/scaffold_ai/__init__.py": {"executed_lines": [3], "summary": {"covered_lines": 1, "num_statements": 1, "percent_covered": 100.0, "percent_covered_display": "100", "missing_lines": 0, "excluded_lines": 0, "percent_statements_covered": 100.0, "percent_statements_covered_display": "100"}, "missing_lines": [], "excluded_lines": [], "functions": {"": {"executed_lines": [3], "summary": {"covered_lines": 1, "num_statements": 1, "percent_covered": 100.0, "percent_covered_display": "100", "missing_lines": 0, "excluded_lines": 0, "percent_statements_covered": 100.0, "percent_statements_covered_display": "100"}, "missing_lines": [], "excluded_lines": [], "start_line": 1}}, "classes": {"": {"executed_lines": [3], "summary": {"covered_lines": 1, "num_statements": 1, "percent_covered": 100.0, "percent_covered_display": "100", "missing_lines": 0, "excluded_lines": 0, "percent_statements_covered": 100.0, "percent_statements_covered_display": "100"}, "missing_lines": [], "excluded_lines": [], "start_line": 1}}}, "src/scaffold_ai/agents/__init__.py": {"executed_lines": [4, 5, 6, 9, 10, 11, 18], "summary": {"covered_lines": 7, "num_statements": 7, "percent_covered": 100.0, "percent_covered_display": "100", "missing_lines": 0, "excluded_lines": 0, "percent_statements_covered": 100.0, "percent_statements_covered_display": "100"}, "missing_lines": [], "excluded_lines": [], "functions": {"": {"executed_lines": [4, 5, 6, 9, 10, 11, 18], "summary": {"covered_lines": 7, "num_statements": 7, "percent_covered": 100.0, "percent_covered_display": "100", "missing_lines": 0, "excluded_lines": 0, "percent_statements_covered": 100.0, "percent_statements_covered_display": "100"}, "missing_lines": [], "excluded_lines": [], "start_line": 1}}, "classes": {"": {"executed_lines": [4, 5, 6, 9, 10, 11, 18], "summary": {"covered_lines": 7, "num_statements": 7, "percent_covered": 100.0, "percent_covered_display": "100", "missing_lines": 0, "excluded_lines": 0, "percent_statements_covered": 100.0, "percent_statements_covered_display": "100"}, "missing_lines": [], "excluded_lines": [], "start_line": 1}}}, "src/scaffold_ai/agents/architect.py": {"executed_lines": [3, 124, 127, 130], "summary": {"covered_lines": 4, "num_statements": 6, "percent_covered": 66.66666666666667, "percent_covered_display": "67", "missing_lines": 2, "excluded_lines": 0, "percent_statements_covered": 66.66666666666667, "percent_statements_covered_display": "67"}, "missing_lines": [128, 138], "excluded_lines": [], "functions": {"ArchitectAgent.__init__": {"executed_lines": [], "summary": {"covered_lines": 0, "num_statements": 1, "percent_covered": 0.0, "percent_covered_display": "0", "missing_lines": 1, "excluded_lines": 0, "percent_statements_covered": 0.0, "percent_statements_covered_display": "0"}, "missing_lines": [128], "excluded_lines": [], "start_line": 127}, "ArchitectAgent.design": {"executed_lines": [], "summary": {"covered_lines": 0, "num_statements": 1, "percent_covered": 0.0, "percent_covered_display": "0", "missing_lines": 1, "excluded_lines": 0, "percent_statements_covered": 0.0, "percent_statements_covered_display": "0"}, "missing_lines": [138], "excluded_lines": [], "start_line": 130}, "": {"executed_lines": [3, 124, 127, 130], "summary": {"covered_lines": 4, "num_statements": 4, "percent_covered": 100.0, "percent_covered_display": "100", "missing_lines": 0, "excluded_lines": 0, "percent_statements_covered": 100.0, "percent_statements_covered_display": "100"}, "missing_lines": [], "excluded_lines": [], "start_line": 1}}, "classes": {"ArchitectAgent": {"executed_lines": [], "summary": {"covered_lines": 0, "num_statements": 2, "percent_covered": 0.0, "percent_covered_display": "0", "missing_lines": 2, "excluded_lines": 0, "percent_statements_covered": 0.0, "percent_statements_covered_display": "0"}, "missing_lines": [128, 138], "excluded_lines": [], "start_line": 124}, "": {"executed_lines": [3, 124, 127, 130], "summary": {"covered_lines": 4, "num_statements": 4, "percent_covered": 100.0, "percent_covered_display": "100", "missing_lines": 0, "excluded_lines": 0, "percent_statements_covered": 100.0, "percent_statements_covered_display": "100"}, "missing_lines": [], "excluded_lines": [], "start_line": 1}}}, "src/scaffold_ai/agents/cdk_specialist.py": {"executed_lines": [3, 238, 241, 242, 244, 251, 253, 254, 256, 258, 265, 267, 269, 270], "summary": {"covered_lines": 14, "num_statements": 14, "percent_covered": 100.0, "percent_covered_display": "100", "missing_lines": 0, "excluded_lines": 0, "percent_statements_covered": 100.0, "percent_statements_covered_display": "100"}, "missing_lines": [], "excluded_lines": [], "functions": {"CDKSpecialistAgent.__init__": {"executed_lines": [242], "summary": {"covered_lines": 1, "num_statements": 1, "percent_covered": 100.0, "percent_covered_display": "100", "missing_lines": 0, "excluded_lines": 0, "percent_statements_covered": 100.0, "percent_statements_covered_display": "100"}, "missing_lines": [], "excluded_lines": [], "start_line": 241}, "CDKSpecialistAgent.generate": {"executed_lines": [251, 253, 254, 256, 258], "summary": {"covered_lines": 5, "num_statements": 5, "percent_covered": 100.0, "percent_covered_display": "100", "missing_lines": 0, "excluded_lines": 0, "percent_statements_covered": 100.0, "percent_statements_covered_display": "100"}, "missing_lines": [], "excluded_lines": [], "start_line": 244}, "CDKSpecialistAgent._generate_stack": {"executed_lines": [267, 269, 270], "summary": {"covered_lines": 3, "num_statements": 3, "percent_covered": 100.0, "percent_covered_display": "100", "missing_lines": 0, "excluded_lines": 0, "percent_statements_covered": 100.0, "percent_statements_covered_display": "100"}, "missing_lines": [], "excluded_lines": [], "start_line": 265}, "": {"executed_lines": [3, 238, 241, 244, 265], "summary": {"covered_lines": 5, "num_statements": 5, "percent_covered": 100.0, "percent_covered_display": "100", "missing_lines": 0, "excluded_lines": 0, "percent_statements_covered": 100.0, "percent_statements_covered_display": "100"}, "missing_lines": [], "excluded_lines": [], "start_line": 1}}, "classes": {"CDKSpecialistAgent": {"executed_lines": [242, 251, 253, 254, 256, 258, 267, 269, 270], "summary": {"covered_lines": 9, "num_statements": 9, "percent_covered": 100.0, "percent_covered_display": "100", "missing_lines": 0, "excluded_lines": 0, "percent_statements_covered": 100.0, "percent_statements_covered_display": "100"}, "missing_lines": [], "excluded_lines": [], "start_line": 238}, "": {"executed_lines": [3, 238, 241, 244, 265], "summary": {"covered_lines": 5, "num_statements": 5, "percent_covered": 100.0, "percent_covered_display": "100", "missing_lines": 0, "excluded_lines": 0, "percent_statements_covered": 100.0, "percent_statements_covered_display": "100"}, "missing_lines": [], "excluded_lines": [], "start_line": 1}}}, "src/scaffold_ai/agents/cloudformation_specialist.py": {"executed_lines": [3, 63, 66, 68, 70, 72, 73, 75, 84, 85, 86, 87, 89, 90, 101, 102, 121, 122, 139, 140, 156, 168, 169, 191, 192, 193, 201, 213, 214, 219, 220, 225, 226, 237, 238, 252, 262, 263, 264, 269, 271], "summary": {"covered_lines": 41, "num_statements": 41, "percent_covered": 100.0, "percent_covered_display": "100", "missing_lines": 0, "excluded_lines": 0, "percent_statements_covered": 100.0, "percent_statements_covered_display": "100"}, "missing_lines": [], "excluded_lines": [], "functions": {"CloudFormationSpecialistAgent.__init__": {"executed_lines": [68], "summary": {"covered_lines": 1, "num_statements": 1, "percent_covered": 100.0, "percent_covered_display": "100", "missing_lines": 0, "excluded_lines": 0, "percent_statements_covered": 100.0, "percent_statements_covered_display": "100"}, "missing_lines": [], "excluded_lines": [], "start_line": 66}, "CloudFormationSpecialistAgent.generate": {"executed_lines": [72, 73, 75, 84, 85, 86, 87, 89, 90, 101, 102, 121, 122, 139, 140, 156, 168, 169, 191, 192, 193, 201, 213, 214, 219, 220, 225, 226, 237, 238, 252, 262, 263, 264, 269, 271], "summary": {"covered_lines": 36, "num_statements": 36, "percent_covered": 100.0, "percent_covered_display": "100", "missing_lines": 0, "excluded_lines": 0, "percent_statements_covered": 100.0, "percent_statements_covered_display": "100"}, "missing_lines": [], "excluded_lines": [], "start_line": 70}, "": {"executed_lines": [3, 63, 66, 70], "summary": {"covered_lines": 4, "num_statements": 4, "percent_covered": 100.0, "percent_covered_display": "100", "missing_lines": 0, "excluded_lines": 0, "percent_statements_covered": 100.0, "percent_statements_covered_display": "100"}, "missing_lines": [], "excluded_lines": [], "start_line": 1}}, "classes": {"CloudFormationSpecialistAgent": {"executed_lines": [68, 72, 73, 75, 84, 85, 86, 87, 89, 90, 101, 102, 121, 122, 139, 140, 156, 168, 169, 191, 192, 193, 201, 213, 214, 219, 220, 225, 226, 237, 238, 252, 262, 263, 264, 269, 271], "summary": {"covered_lines": 37, "num_statements": 37, "percent_covered": 100.0, "percent_covered_display": "100", "missing_lines": 0, "excluded_lines": 0, "percent_statements_covered": 100.0, "percent_statements_covered_display": "100"}, "missing_lines": [], "excluded_lines": [], "start_line": 63}, "": {"executed_lines": [3, 63, 66, 70], "summary": {"covered_lines": 4, "num_statements": 4, "percent_covered": 100.0, "percent_covered_display": "100", "missing_lines": 0, "excluded_lines": 0, "percent_statements_covered": 100.0, "percent_statements_covered_display": "100"}, "missing_lines": [], "excluded_lines": [], "start_line": 1}}}, "src/scaffold_ai/agents/interpreter.py": {"executed_lines": [3, 24, 27, 28, 30, 37, 39, 43, 44, 48, 49, 53, 54, 58, 60], "summary": {"covered_lines": 15, "num_statements": 15, "percent_covered": 100.0, "percent_covered_display": "100", "missing_lines": 0, "excluded_lines": 0, "percent_statements_covered": 100.0, "percent_statements_covered_display": "100"}, "missing_lines": [], "excluded_lines": [], "functions": {"InterpreterAgent.__init__": {"executed_lines": [28], "summary": {"covered_lines": 1, "num_statements": 1, "percent_covered": 100.0, "percent_covered_display": "100", "missing_lines": 0, "excluded_lines": 0, "percent_statements_covered": 100.0, "percent_statements_covered_display": "100"}, "missing_lines": [], "excluded_lines": [], "start_line": 27}, "InterpreterAgent.classify": {"executed_lines": [37, 39, 43, 44, 48, 49, 53, 54, 58, 60], "summary": {"covered_lines": 10, "num_statements": 10, "percent_covered": 100.0, "percent_covered_display": "100", "missing_lines": 0, "excluded_lines": 0, "percent_statements_covered": 100.0, "percent_statements_covered_display": "100"}, "missing_lines": [], "excluded_lines": [], "start_line": 30}, "": {"executed_lines": [3, 24, 27, 30], "summary": {"covered_lines": 4, "num_statements": 4, "percent_covered": 100.0, "percent_covered_display": "100", "missing_lines": 0, "excluded_lines": 0, "percent_statements_covered": 100.0, "percent_statements_covered_display": "100"}, "missing_lines": [], "excluded_lines": [], "start_line": 1}}, "classes": {"InterpreterAgent": {"executed_lines": [28, 37, 39, 43, 44, 48, 49, 53, 54, 58, 60], "summary": {"covered_lines": 11, "num_statements": 11, "percent_covered": 100.0, "percent_covered_display": "100", "missing_lines": 0, "excluded_lines": 0, "percent_statements_covered": 100.0, "percent_statements_covered_display": "100"}, "missing_lines": [], "excluded_lines": [], "start_line": 24}, "": {"executed_lines": [3, 24, 27, 30], "summary": {"covered_lines": 4, "num_statements": 4, "percent_covered": 100.0, "percent_covered_display": "100", "missing_lines": 0, "excluded_lines": 0, "percent_statements_covered": 100.0, "percent_statements_covered_display": "100"}, "missing_lines": [], "excluded_lines": [], "start_line": 1}}}, "src/scaffold_ai/agents/python_cdk_specialist.py": {"executed_lines": [3, 6, 9, 13, 14, 16, 29, 31, 40, 42, 46, 48, 50, 51, 52, 53, 54, 55, 56, 57, 58, 59, 60, 61, 62, 63, 64, 65, 66, 67, 69, 71, 73, 75, 76, 77, 78, 79, 81, 82, 92, 93, 100, 101, 112, 113, 125, 126, 143, 144, 161, 163, 165], "summary": {"covered_lines": 53, "num_statements": 53, "percent_covered": 100.0, "percent_covered_display": "100", "missing_lines": 0, "excluded_lines": 0, "percent_statements_covered": 100.0, "percent_statements_covered_display": "100"}, "missing_lines": [], "excluded_lines": [], "functions": {"PythonCDKSpecialist.generate_stack": {"executed_lines": [13, 14, 16], "summary": {"covered_lines": 3, "num_statements": 3, "percent_covered": 100.0, "percent_covered_display": "100", "missing_lines": 0, "excluded_lines": 0, "percent_statements_covered": 100.0, "percent_statements_covered_display": "100"}, "missing_lines": [], "excluded_lines": [], "start_line": 9}, "PythonCDKSpecialist.generate_app": {"executed_lines": [31], "summary": {"covered_lines": 1, "num_statements": 1, "percent_covered": 100.0, "percent_covered_display": "100", "missing_lines": 0, "excluded_lines": 0, "percent_statements_covered": 100.0, "percent_statements_covered_display": "100"}, "missing_lines": [], "excluded_lines": [], "start_line": 29}, "PythonCDKSpecialist.generate_requirements": {"executed_lines": [42], "summary": {"covered_lines": 1, "num_statements": 1, "percent_covered": 100.0, "percent_covered_display": "100", "missing_lines": 0, "excluded_lines": 0, "percent_statements_covered": 100.0, "percent_statements_covered_display": "100"}, "missing_lines": [], "excluded_lines": [], "start_line": 40}, "PythonCDKSpecialist._get_imports": {"executed_lines": [48, 50, 51, 52, 53, 54, 55, 56, 57, 58, 59, 60, 61, 62, 63, 64, 65, 66, 67, 69], "summary": {"covered_lines": 20, "num_statements": 20, "percent_covered": 100.0, "percent_covered_display": "100", "missing_lines": 0, "excluded_lines": 0, "percent_statements_covered": 100.0, "percent_statements_covered_display": "100"}, "missing_lines": [], "excluded_lines": [], "start_line": 46}, "PythonCDKSpecialist._generate_constructs": {"executed_lines": [73, 75, 76, 77, 78, 79, 81, 82, 92, 93, 100, 101, 112, 113, 125, 126, 143, 144, 161], "summary": {"covered_lines": 19, "num_statements": 19, "percent_covered": 100.0, "percent_covered_display": "100", "missing_lines": 0, "excluded_lines": 0, "percent_statements_covered": 100.0, "percent_statements_covered_display": "100"}, "missing_lines": [], "excluded_lines": [], "start_line": 71}, "PythonCDKSpecialist._to_var_name": {"executed_lines": [165], "summary": {"covered_lines": 1, "num_statements": 1, "percent_covered": 100.0, "percent_covered_display": "100", "missing_lines": 0, "excluded_lines": 0, "percent_statements_covered": 100.0, "percent_statements_covered_display": "100"}, "missing_lines": [], "excluded_lines": [], "start_line": 163}, "": {"executed_lines": [3, 6, 9, 29, 40, 46, 71, 163], "summary": {"covered_lines": 8, "num_statements": 8, "percent_covered": 100.0, "percent_covered_display": "100", "missing_lines": 0, "excluded_lines": 0, "percent_statements_covered": 100.0, "percent_statements_covered_display": "100"}, "missing_lines": [], "excluded_lines": [], "start_line": 1}}, "classes": {"PythonCDKSpecialist": {"executed_lines": [13, 14, 16, 31, 42, 48, 50, 51, 52, 53, 54, 55, 56, 57, 58, 59, 60, 61, 62, 63, 64, 65, 66, 67, 69, 73, 75, 76, 77, 78, 79, 81, 82, 92, 93, 100, 101, 112, 113, 125, 126, 143, 144, 161, 165], "summary": {"covered_lines": 45, "num_statements": 45, "percent_covered": 100.0, "percent_covered_display": "100", "missing_lines": 0, "excluded_lines": 0, "percent_statements_covered": 100.0, "percent_statements_covered_display": "100"}, "missing_lines": [], "excluded_lines": [], "start_line": 6}, "": {"executed_lines": [3, 6, 9, 29, 40, 46, 71, 163], "summary": {"covered_lines": 8, "num_statements": 8, "percent_covered": 100.0, "percent_covered_display": "100", "missing_lines": 0, "excluded_lines": 0, "percent_statements_covered": 100.0, "percent_statements_covered_display": "100"}, "missing_lines": [], "excluded_lines": [], "start_line": 1}}}, "src/scaffold_ai/agents/react_specialist.py": {"executed_lines": [3, 180, 183, 184, 186, 193, 195, 198, 201, 205, 207, 208, 209, 212, 215, 223, 233, 234, 242, 243, 251, 252, 260, 261, 268, 270, 272, 293, 302, 303, 304, 306, 316, 317, 319, 323, 324, 325, 326, 328, 330, 331, 337, 338, 344, 345, 352, 353, 359, 360, 366, 408, 410, 469, 471, 472, 476, 508, 510, 580, 582], "summary": {"covered_lines": 61, "num_statements": 62, "percent_covered": 98.38709677419355, "percent_covered_display": "98", "missing_lines": 1, "excluded_lines": 0, "percent_statements_covered": 98.38709677419355, "percent_statements_covered_display": "98"}, "missing_lines": [196], "excluded_lines": [], "functions": {"ReactSpecialistAgent.__init__": {"executed_lines": [184], "summary": {"covered_lines": 1, "num_statements": 1, "percent_covered": 100.0, "percent_covered_display": "100", "missing_lines": 0, "excluded_lines": 0, "percent_statements_covered": 100.0, "percent_statements_covered_display": "100"}, "missing_lines": [], "excluded_lines": [], "start_line": 183}, "ReactSpecialistAgent.generate": {"executed_lines": [193, 195, 198, 201, 205, 207, 208, 209, 212, 215, 223, 233, 234, 242, 243, 251, 252, 260, 261, 268], "summary": {"covered_lines": 20, "num_statements": 21, "percent_covered": 95.23809523809524, "percent_covered_display": "95", "missing_lines": 1, "excluded_lines": 0, "percent_statements_covered": 95.23809523809524, "percent_statements_covered_display": "95"}, "missing_lines": [196], "excluded_lines": [], "start_line": 186}, "ReactSpecialistAgent._generate_root_layout": {"executed_lines": [272], "summary": {"covered_lines": 1, "num_statements": 1, "percent_covered": 100.0, "percent_covered_display": "100", "missing_lines": 0, "excluded_lines": 0, "percent_statements_covered": 100.0, "percent_statements_covered_display": "100"}, "missing_lines": [], "excluded_lines": [], "start_line": 270}, "ReactSpecialistAgent._generate_main_page": {"executed_lines": [302, 303, 304, 306, 316, 317, 319, 323, 324, 325, 326, 328, 330, 331, 337, 338, 344, 345, 352, 353, 359, 360, 366], "summary": {"covered_lines": 23, "num_statements": 23, "percent_covered": 100.0, "percent_covered_display": "100", "missing_lines": 0, "excluded_lines": 0, "percent_statements_covered": 100.0, "percent_statements_covered_display": "100"}, "missing_lines": [], "excluded_lines": [], "start_line": 293}, "ReactSpecialistAgent._generate_auth_provider": {"executed_lines": [410], "summary": {"covered_lines": 1, "num_statements": 1, "percent_covered": 100.0, "percent_covered_display": "100", "missing_lines": 0, "excluded_lines": 0, "percent_statements_covered": 100.0, "percent_statements_covered_display": "100"}, "missing_lines": [], "excluded_lines": [], "start_line": 408}, "ReactSpecialistAgent._generate_api_hooks": {"executed_lines": [471, 472, 476], "summary": {"covered_lines": 3, "num_statements": 3, "percent_covered": 100.0, "percent_covered_display": "100", "missing_lines": 0, "excluded_lines": 0, "percent_statements_covered": 100.0, "percent_statements_covered_display": "100"}, "missing_lines": [], "excluded_lines": [], "start_line": 469}, "ReactSpecialistAgent._generate_data_table": {"executed_lines": [510], "summary": {"covered_lines": 1, "num_statements": 1, "percent_covered": 100.0, "percent_covered_display": "100", "missing_lines": 0, "excluded_lines": 0, "percent_statements_covered": 100.0, "percent_statements_covered_display": "100"}, "missing_lines": [], "excluded_lines": [], "start_line": 508}, "ReactSpecialistAgent._generate_file_upload": {"executed_lines": [582], "summary": {"covered_lines": 1, "num_statements": 1, "percent_covered": 100.0, "percent_covered_display": "100", "missing_lines": 0, "excluded_lines": 0, "percent_statements_covered": 100.0, "percent_statements_covered_display": "100"}, "missing_lines": [], "excluded_lines": [], "start_line": 580}, "": {"executed_lines": [3, 180, 183, 186, 270, 293, 408, 469, 508, 580], "summary": {"covered_lines": 10, "num_statements": 10, "percent_covered": 100.0, "percent_covered_display": "100", "missing_lines": 0, "excluded_lines": 0, "percent_statements_covered": 100.0, "percent_statements_covered_display": "100"}, "missing_lines": [], "excluded_lines": [], "start_line": 1}}, "classes": {"ReactSpecialistAgent": {"executed_lines": [184, 193, 195, 198, 201, 205, 207, 208, 209, 212, 215, 223, 233, 234, 242, 243, 251, 252, 260, 261, 268, 272, 302, 303, 304, 306, 316, 317, 319, 323, 324, 325, 326, 328, 330, 331, 337, 338, 344, 345, 352, 353, 359, 360, 366, 410, 471, 472, 476, 510, 582], "summary": {"covered_lines": 51, "num_statements": 52, "percent_covered": 98.07692307692308, "percent_covered_display": "98", "missing_lines": 1, "excluded_lines": 0, "percent_statements_covered": 98.07692307692308, "percent_statements_covered_display": "98"}, "missing_lines": [196], "excluded_lines": [], "start_line": 180}, "": {"executed_lines": [3, 180, 183, 186, 270, 293, 408, 469, 508, 580], "summary": {"covered_lines": 10, "num_statements": 10, "percent_covered": 100.0, "percent_covered_display": "100", "missing_lines": 0, "excluded_lines": 0, "percent_statements_covered": 100.0, "percent_statements_covered_display": "100"}, "missing_lines": [], "excluded_lines": [], "start_line": 1}}}, "src/scaffold_ai/agents/security_specialist.py": {"executed_lines": [3, 201, 204, 205, 207, 214, 215, 217, 218, 232, 233, 234, 235, 237, 238, 239, 240, 242, 244, 252, 263, 265, 271, 280, 282, 283, 284, 293, 295, 301, 308, 310, 318, 328, 330, 338, 339, 340, 343, 344, 347, 349], "summary": {"covered_lines": 42, "num_statements": 42, "percent_covered": 100.0, "percent_covered_display": "100", "missing_lines": 0, "excluded_lines": 0, "percent_statements_covered": 100.0, "percent_statements_covered_display": "100"}, "missing_lines": [], "excluded_lines": [], "functions": {"SecuritySpecialistAgent.__init__": {"executed_lines": [205], "summary": {"covered_lines": 1, "num_statements": 1, "percent_covered": 100.0, "percent_covered_display": "100", "missing_lines": 0, "excluded_lines": 0, "percent_statements_covered": 100.0, "percent_statements_covered_display": "100"}, "missing_lines": [], "excluded_lines": [], "start_line": 204}, "SecuritySpecialistAgent.review": {"executed_lines": [214, 215, 217, 218, 232, 233, 234, 235, 237, 238, 239, 240, 242, 244, 252, 263, 265, 271, 280, 282, 283, 284, 293, 295, 301, 308, 310, 318, 328, 330, 338, 339, 340, 343, 344, 347, 349], "summary": {"covered_lines": 37, "num_statements": 37, "percent_covered": 100.0, "percent_covered_display": "100", "missing_lines": 0, "excluded_lines": 0, "percent_statements_covered": 100.0, "percent_statements_covered_display": "100"}, "missing_lines": [], "excluded_lines": [], "start_line": 207}, "": {"executed_lines": [3, 201, 204, 207], "summary": {"covered_lines": 4, "num_statements": 4, "percent_covered": 100.0, "percent_covered_display": "100", "missing_lines": 0, "excluded_lines": 0, "percent_statements_covered": 100.0, "percent_statements_covered_display": "100"}, "missing_lines": [], "excluded_lines": [], "start_line": 1}}, "classes": {"SecuritySpecialistAgent": {"executed_lines": [205, 214, 215, 217, 218, 232, 233, 234, 235, 237, 238, 239, 240, 242, 244, 252, 263, 265, 271, 280, 282, 283, 284, 293, 295, 301, 308, 310, 318, 328, 330, 338, 339, 340, 343, 344, 347, 349], "summary": {"covered_lines": 38, "num_statements": 38, "percent_covered": 100.0, "percent_covered_display": "100", "missing_lines": 0, "excluded_lines": 0, "percent_statements_covered": 100.0, "percent_statements_covered_display": "100"}, "missing_lines": [], "excluded_lines": [], "start_line": 201}, "": {"executed_lines": [3, 201, 204, 207], "summary": {"covered_lines": 4, "num_statements": 4, "percent_covered": 100.0, "percent_covered_display": "100", "missing_lines": 0, "excluded_lines": 0, "percent_statements_covered": 100.0, "percent_statements_covered_display": "100"}, "missing_lines": [], "excluded_lines": [], "start_line": 1}}}, "src/scaffold_ai/agents/terraform_specialist.py": {"executed_lines": [3, 61, 64, 66, 68, 70, 71, 73, 76, 100, 101, 102, 103, 105, 107, 108, 150, 151, 184, 185, 210, 211, 243, 244, 283, 284, 308, 309, 322, 323, 335, 336, 354, 355, 407, 408, 409, 410, 412, 413, 421, 422, 430, 431, 439, 440, 448, 449, 458], "summary": {"covered_lines": 49, "num_statements": 49, "percent_covered": 100.0, "percent_covered_display": "100", "missing_lines": 0, "excluded_lines": 0, "percent_statements_covered": 100.0, "percent_statements_covered_display": "100"}, "missing_lines": [], "excluded_lines": [], "functions": {"TerraformSpecialistAgent.__init__": {"executed_lines": [66], "summary": {"covered_lines": 1, "num_statements": 1, "percent_covered": 100.0, "percent_covered_display": "100", "missing_lines": 0, "excluded_lines": 0, "percent_statements_covered": 100.0, "percent_statements_covered_display": "100"}, "missing_lines": [], "excluded_lines": [], "start_line": 64}, "TerraformSpecialistAgent.generate": {"executed_lines": [70, 71, 73, 76, 100, 101, 102, 103, 105, 107, 108, 150, 151, 184, 185, 210, 211, 243, 244, 283, 284, 308, 309, 322, 323, 335, 336, 354, 355, 407, 408, 409, 410, 412, 413, 421, 422, 430, 431, 439, 440, 448, 449, 458], "summary": {"covered_lines": 44, "num_statements": 44, "percent_covered": 100.0, "percent_covered_display": "100", "missing_lines": 0, "excluded_lines": 0, "percent_statements_covered": 100.0, "percent_statements_covered_display": "100"}, "missing_lines": [], "excluded_lines": [], "start_line": 68}, "": {"executed_lines": [3, 61, 64, 68], "summary": {"covered_lines": 4, "num_statements": 4, "percent_covered": 100.0, "percent_covered_display": "100", "missing_lines": 0, "excluded_lines": 0, "percent_statements_covered": 100.0, "percent_statements_covered_display": "100"}, "missing_lines": [], "excluded_lines": [], "start_line": 1}}, "classes": {"TerraformSpecialistAgent": {"executed_lines": [66, 70, 71, 73, 76, 100, 101, 102, 103, 105, 107, 108, 150, 151, 184, 185, 210, 211, 243, 244, 283, 284, 308, 309, 322, 323, 335, 336, 354, 355, 407, 408, 409, 410, 412, 413, 421, 422, 430, 431, 439, 440, 448, 449, 458], "summary": {"covered_lines": 45, "num_statements": 45, "percent_covered": 100.0, "percent_covered_display": "100", "missing_lines": 0, "excluded_lines": 0, "percent_statements_covered": 100.0, "percent_statements_covered_display": "100"}, "missing_lines": [], "excluded_lines": [], "start_line": 61}, "": {"executed_lines": [3, 61, 64, 68], "summary": {"covered_lines": 4, "num_statements": 4, "percent_covered": 100.0, "percent_covered_display": "100", "missing_lines": 0, "excluded_lines": 0, "percent_statements_covered": 100.0, "percent_statements_covered_display": "100"}, "missing_lines": [], "excluded_lines": [], "start_line": 1}}}, "src/scaffold_ai/config.py": {"executed_lines": [3, 4, 8, 10, 13, 19, 24], "summary": {"covered_lines": 7, "num_statements": 7, "percent_covered": 100.0, "percent_covered_display": "100", "missing_lines": 0, "excluded_lines": 0, "percent_statements_covered": 100.0, "percent_statements_covered_display": "100"}, "missing_lines": [], "excluded_lines": [], "functions": {"get_model_id": {"executed_lines": [24], "summary": {"covered_lines": 1, "num_statements": 1, "percent_covered": 100.0, "percent_covered_display": "100", "missing_lines": 0, "excluded_lines": 0, "percent_statements_covered": 100.0, "percent_statements_covered_display": "100"}, "missing_lines": [], "excluded_lines": [], "start_line": 19}, "": {"executed_lines": [3, 4, 8, 10, 13, 19], "summary": {"covered_lines": 6, "num_statements": 6, "percent_covered": 100.0, "percent_covered_display": "100", "missing_lines": 0, "excluded_lines": 0, "percent_statements_covered": 100.0, "percent_statements_covered_display": "100"}, "missing_lines": [], "excluded_lines": [], "start_line": 1}}, "classes": {"": {"executed_lines": [3, 4, 8, 10, 13, 19, 24], "summary": {"covered_lines": 7, "num_statements": 7, "percent_covered": 100.0, "percent_covered_display": "100", "missing_lines": 0, "excluded_lines": 0, "percent_statements_covered": 100.0, "percent_statements_covered_display": "100"}, "missing_lines": [], "excluded_lines": [], "start_line": 1}}}, "src/scaffold_ai/graph/__init__.py": {"executed_lines": [3, 4, 6], "summary": {"covered_lines": 3, "num_statements": 3, "percent_covered": 100.0, "percent_covered_display": "100", "missing_lines": 0, "excluded_lines": 0, "percent_statements_covered": 100.0, "percent_statements_covered_display": "100"}, "missing_lines": [], "excluded_lines": [], "functions": {"": {"executed_lines": [3, 4, 6], "summary": {"covered_lines": 3, "num_statements": 3, "percent_covered": 100.0, "percent_covered_display": "100", "missing_lines": 0, "excluded_lines": 0, "percent_statements_covered": 100.0, "percent_statements_covered_display": "100"}, "missing_lines": [], "excluded_lines": [], "start_line": 1}}, "classes": {"": {"executed_lines": [3, 4, 6], "summary": {"covered_lines": 3, "num_statements": 3, "percent_covered": 100.0, "percent_covered_display": "100", "missing_lines": 0, "excluded_lines": 0, "percent_statements_covered": 100.0, "percent_statements_covered_display": "100"}, "missing_lines": [], "excluded_lines": [], "start_line": 1}}}, "src/scaffold_ai/graph/nodes.py": {"executed_lines": [3, 4, 5, 6, 7, 8, 9, 11, 12, 13, 15, 19, 20, 26, 33, 44, 104, 167, 169, 184, 185, 186, 187, 189, 191, 192, 193, 194, 196, 197, 198, 199, 200, 201, 203, 219, 222, 224, 225, 226, 230, 231, 233, 239, 241, 242, 243, 244, 248, 249, 253, 254, 255, 257, 259, 262, 264, 266, 267, 269, 270, 272, 273, 274, 275, 287, 292, 298, 299, 301, 303, 305, 307, 308, 309, 311, 312, 313, 317, 319, 320, 331, 332, 333, 335, 340, 344, 350, 356, 357, 358, 364, 366, 367, 368, 370, 376, 377, 379, 392, 396, 398, 400, 401, 402, 405, 411, 413, 414, 416, 417, 431, 432, 434, 438, 444, 445, 447, 449, 451, 464, 465, 466, 467, 468, 470, 471, 475, 481, 482, 483, 484, 485, 488, 489, 491, 497, 498, 499, 500, 503, 504, 505, 506, 507, 508, 511, 512, 514, 521, 523, 525, 526, 527, 528, 531, 558, 560, 563, 564, 565, 566, 567, 569, 570, 576, 577, 583, 584, 589, 591, 592, 594, 595, 604, 611, 634, 652, 653, 659, 665, 666, 668, 670, 673, 674, 682, 683, 684, 687, 689, 690, 692, 699, 701, 703, 705, 706, 707, 717, 725, 727, 728, 730, 731, 733, 734, 736, 737, 739, 740, 742, 743, 744, 745, 750, 753, 755, 756, 757], "summary": {"covered_lines": 220, "num_statements": 283, "percent_covered": 77.73851590106007, "percent_covered_display": "78", "missing_lines": 63, "excluded_lines": 0, "percent_statements_covered": 77.73851590106007, "percent_statements_covered_display": "78"}, "missing_lines": [321, 322, 351, 352, 371, 453, 454, 456, 460, 461, 476, 477, 478, 524, 561, 580, 596, 600, 601, 602, 603, 605, 607, 608, 609, 610, 612, 614, 615, 616, 617, 620, 624, 628, 629, 630, 631, 635, 636, 638, 639, 641, 642, 644, 646, 669, 671, 676, 677, 678, 679, 680, 709, 710, 711, 712, 713, 714, 719, 721, 722, 747, 748], "excluded_lines": [], "functions": {"get_llm": {"executed_lines": [26], "summary": {"covered_lines": 1, "num_statements": 1, "percent_covered": 100.0, "percent_covered_display": "100", "missing_lines": 0, "excluded_lines": 0, "percent_statements_covered": 100.0, "percent_statements_covered_display": "100"}, "missing_lines": [], "excluded_lines": [], "start_line": 20}, "generate_node_positions": {"executed_lines": [169, 184, 185, 186, 187, 189, 191, 192, 193, 194, 196, 197, 198, 199, 200, 201, 203, 219], "summary": {"covered_lines": 18, "num_statements": 18, "percent_covered": 100.0, "percent_covered_display": "100", "missing_lines": 0, "excluded_lines": 0, "percent_statements_covered": 100.0, "percent_statements_covered_display": "100"}, "missing_lines": [], "excluded_lines": [], "start_line": 167}, "interpret_intent": {"executed_lines": [224, 225, 226, 230, 231, 233, 239, 241, 242, 243, 244, 248, 249, 253, 254, 255, 257, 259], "summary": {"covered_lines": 18, "num_statements": 18, "percent_covered": 100.0, "percent_covered_display": "100", "missing_lines": 0, "excluded_lines": 0, "percent_statements_covered": 100.0, "percent_statements_covered_display": "100"}, "missing_lines": [], "excluded_lines": [], "start_line": 222}, "architect_node": {"executed_lines": [264, 266, 267, 269, 270, 272, 273, 274, 275, 287, 292, 298, 299, 301, 303, 305, 307, 308, 309, 311, 312, 313, 317, 319, 320, 331, 332, 333, 335, 340, 344, 350, 356, 357, 358], "summary": {"covered_lines": 35, "num_statements": 39, "percent_covered": 89.74358974358974, "percent_covered_display": "90", "missing_lines": 4, "excluded_lines": 0, "percent_statements_covered": 89.74358974358974, "percent_statements_covered_display": "90"}, "missing_lines": [321, 322, 351, 352], "excluded_lines": [], "start_line": 262}, "explain_architecture": {"executed_lines": [366, 367, 368, 370, 376, 377, 379, 392, 396, 398, 400, 401, 402, 405], "summary": {"covered_lines": 14, "num_statements": 15, "percent_covered": 93.33333333333333, "percent_covered_display": "93", "missing_lines": 1, "excluded_lines": 0, "percent_statements_covered": 93.33333333333333, "percent_statements_covered_display": "93"}, "missing_lines": [371], "excluded_lines": [], "start_line": 364}, "security_review_node": {"executed_lines": [413, 414, 416, 417, 431, 432, 434, 438, 444, 445, 447, 449, 451, 464, 465, 466, 467, 468, 470, 471, 475, 481, 482, 483, 484, 485, 488, 489, 491, 497, 498, 499, 500, 503, 504, 505, 506, 507, 508, 511, 512, 514], "summary": {"covered_lines": 42, "num_statements": 50, "percent_covered": 84.0, "percent_covered_display": "84", "missing_lines": 8, "excluded_lines": 0, "percent_statements_covered": 84.0, "percent_statements_covered_display": "84"}, "missing_lines": [453, 454, 456, 460, 461, 476, 477, 478], "excluded_lines": [], "start_line": 411}, "security_gate": {"executed_lines": [523, 525, 526, 527, 528], "summary": {"covered_lines": 5, "num_statements": 6, "percent_covered": 83.33333333333333, "percent_covered_display": "83", "missing_lines": 1, "excluded_lines": 0, "percent_statements_covered": 83.33333333333333, "percent_statements_covered_display": "83"}, "missing_lines": [524], "excluded_lines": [], "start_line": 521}, "cdk_specialist_node": {"executed_lines": [560, 563, 564, 565, 566, 567, 569, 570, 576, 577, 583, 584, 589, 591, 592, 594, 595, 604, 611, 634, 652, 653, 659, 665, 666, 668, 670, 673, 674, 682, 683, 684, 687, 689, 690, 692], "summary": {"covered_lines": 36, "num_statements": 74, "percent_covered": 48.648648648648646, "percent_covered_display": "49", "missing_lines": 38, "excluded_lines": 0, "percent_statements_covered": 48.648648648648646, "percent_statements_covered_display": "49"}, "missing_lines": [561, 580, 596, 600, 601, 602, 603, 605, 607, 608, 609, 610, 612, 614, 615, 616, 617, 620, 624, 628, 629, 630, 631, 635, 636, 638, 639, 641, 642, 644, 646, 669, 671, 676, 677, 678, 679, 680], "excluded_lines": [], "start_line": 558}, "_write_generated_file": {"executed_lines": [701, 703, 705, 706, 707], "summary": {"covered_lines": 5, "num_statements": 11, "percent_covered": 45.45454545454545, "percent_covered_display": "45", "missing_lines": 6, "excluded_lines": 0, "percent_statements_covered": 45.45454545454545, "percent_statements_covered_display": "45"}, "missing_lines": [709, 710, 711, 712, 713, 714], "excluded_lines": [], "start_line": 699}, "generate_secure_cdk_template": {"executed_lines": [], "summary": {"covered_lines": 0, "num_statements": 3, "percent_covered": 0.0, "percent_covered_display": "0", "missing_lines": 3, "excluded_lines": 0, "percent_statements_covered": 0.0, "percent_statements_covered_display": "0"}, "missing_lines": [719, 721, 722], "excluded_lines": [], "start_line": 717}, "react_specialist_node": {"executed_lines": [727, 728, 730, 731, 733, 734, 736, 737, 739, 740, 742, 743, 744, 745, 750], "summary": {"covered_lines": 15, "num_statements": 17, "percent_covered": 88.23529411764706, "percent_covered_display": "88", "missing_lines": 2, "excluded_lines": 0, "percent_statements_covered": 88.23529411764706, "percent_statements_covered_display": "88"}, "missing_lines": [747, 748], "excluded_lines": [], "start_line": 725}, "should_generate_code": {"executed_lines": [755, 756, 757], "summary": {"covered_lines": 3, "num_statements": 3, "percent_covered": 100.0, "percent_covered_display": "100", "missing_lines": 0, "excluded_lines": 0, "percent_statements_covered": 100.0, "percent_statements_covered_display": "100"}, "missing_lines": [], "excluded_lines": [], "start_line": 753}, "": {"executed_lines": [3, 4, 5, 6, 7, 8, 9, 11, 12, 13, 15, 19, 20, 33, 44, 104, 167, 222, 262, 364, 411, 521, 531, 558, 699, 717, 725, 753], "summary": {"covered_lines": 28, "num_statements": 28, "percent_covered": 100.0, "percent_covered_display": "100", "missing_lines": 0, "excluded_lines": 0, "percent_statements_covered": 100.0, "percent_statements_covered_display": "100"}, "missing_lines": [], "excluded_lines": [], "start_line": 1}}, "classes": {"": {"executed_lines": [3, 4, 5, 6, 7, 8, 9, 11, 12, 13, 15, 19, 20, 26, 33, 44, 104, 167, 169, 184, 185, 186, 187, 189, 191, 192, 193, 194, 196, 197, 198, 199, 200, 201, 203, 219, 222, 224, 225, 226, 230, 231, 233, 239, 241, 242, 243, 244, 248, 249, 253, 254, 255, 257, 259, 262, 264, 266, 267, 269, 270, 272, 273, 274, 275, 287, 292, 298, 299, 301, 303, 305, 307, 308, 309, 311, 312, 313, 317, 319, 320, 331, 332, 333, 335, 340, 344, 350, 356, 357, 358, 364, 366, 367, 368, 370, 376, 377, 379, 392, 396, 398, 400, 401, 402, 405, 411, 413, 414, 416, 417, 431, 432, 434, 438, 444, 445, 447, 449, 451, 464, 465, 466, 467, 468, 470, 471, 475, 481, 482, 483, 484, 485, 488, 489, 491, 497, 498, 499, 500, 503, 504, 505, 506, 507, 508, 511, 512, 514, 521, 523, 525, 526, 527, 528, 531, 558, 560, 563, 564, 565, 566, 567, 569, 570, 576, 577, 583, 584, 589, 591, 592, 594, 595, 604, 611, 634, 652, 653, 659, 665, 666, 668, 670, 673, 674, 682, 683, 684, 687, 689, 690, 692, 699, 701, 703, 705, 706, 707, 717, 725, 727, 728, 730, 731, 733, 734, 736, 737, 739, 740, 742, 743, 744, 745, 750, 753, 755, 756, 757], "summary": {"covered_lines": 220, "num_statements": 283, "percent_covered": 77.73851590106007, "percent_covered_display": "78", "missing_lines": 63, "excluded_lines": 0, "percent_statements_covered": 77.73851590106007, "percent_statements_covered_display": "78"}, "missing_lines": [321, 322, 351, 352, 371, 453, 454, 456, 460, 461, 476, 477, 478, 524, 561, 580, 596, 600, 601, 602, 603, 605, 607, 608, 609, 610, 612, 614, 615, 616, 617, 620, 624, 628, 629, 630, 631, 635, 636, 638, 639, 641, 642, 644, 646, 669, 671, 676, 677, 678, 679, 680, 709, 710, 711, 712, 713, 714, 719, 721, 722, 747, 748], "excluded_lines": [], "start_line": 1}}}, "src/scaffold_ai/graph/state.py": {"executed_lines": [3, 6, 9, 12, 13, 16, 19, 20, 21, 22, 25, 28, 29, 32, 35, 36, 39, 42, 43, 46, 49, 50, 51, 52, 53, 54, 55, 58, 67, 70, 73, 76, 79, 82, 85, 88, 91, 94], "summary": {"covered_lines": 38, "num_statements": 38, "percent_covered": 100.0, "percent_covered_display": "100", "missing_lines": 0, "excluded_lines": 0, "percent_statements_covered": 100.0, "percent_statements_covered_display": "100"}, "missing_lines": [], "excluded_lines": [], "functions": {"": {"executed_lines": [3, 6, 9, 12, 13, 16, 19, 20, 21, 22, 25, 28, 29, 32, 35, 36, 39, 42, 43, 46, 49, 50, 51, 52, 53, 54, 55, 58, 67, 70, 73, 76, 79, 82, 85, 88, 91, 94], "summary": {"covered_lines": 38, "num_statements": 38, "percent_covered": 100.0, "percent_covered_display": "100", "missing_lines": 0, "excluded_lines": 0, "percent_statements_covered": 100.0, "percent_statements_covered_display": "100"}, "missing_lines": [], "excluded_lines": [], "start_line": 1}}, "classes": {"GeneratedFile": {"executed_lines": [], "summary": {"covered_lines": 0, "num_statements": 0, "percent_covered": 100.0, "percent_covered_display": "100", "missing_lines": 0, "excluded_lines": 0, "percent_statements_covered": 100.0, "percent_statements_covered_display": "100"}, "missing_lines": [], "excluded_lines": [], "start_line": 9}, "SecurityIssue": {"executed_lines": [], "summary": {"covered_lines": 0, "num_statements": 0, "percent_covered": 100.0, "percent_covered_display": "100", "missing_lines": 0, "excluded_lines": 0, "percent_statements_covered": 100.0, "percent_statements_covered_display": "100"}, "missing_lines": [], "excluded_lines": [], "start_line": 16}, "SecurityRecommendation": {"executed_lines": [], "summary": {"covered_lines": 0, "num_statements": 0, "percent_covered": 100.0, "percent_covered_display": "100", "missing_lines": 0, "excluded_lines": 0, "percent_statements_covered": 100.0, "percent_statements_covered_display": "100"}, "missing_lines": [], "excluded_lines": [], "start_line": 25}, "ConfigChange": {"executed_lines": [], "summary": {"covered_lines": 0, "num_statements": 0, "percent_covered": 100.0, "percent_covered_display": "100", "missing_lines": 0, "excluded_lines": 0, "percent_statements_covered": 100.0, "percent_statements_covered_display": "100"}, "missing_lines": [], "excluded_lines": [], "start_line": 32}, "SecurityEnhancements": {"executed_lines": [], "summary": {"covered_lines": 0, "num_statements": 0, "percent_covered": 100.0, "percent_covered_display": "100", "missing_lines": 0, "excluded_lines": 0, "percent_statements_covered": 100.0, "percent_statements_covered_display": "100"}, "missing_lines": [], "excluded_lines": [], "start_line": 39}, "SecurityReview": {"executed_lines": [], "summary": {"covered_lines": 0, "num_statements": 0, "percent_covered": 100.0, "percent_covered_display": "100", "missing_lines": 0, "excluded_lines": 0, "percent_statements_covered": 100.0, "percent_statements_covered_display": "100"}, "missing_lines": [], "excluded_lines": [], "start_line": 46}, "GraphState": {"executed_lines": [], "summary": {"covered_lines": 0, "num_statements": 0, "percent_covered": 100.0, "percent_covered_display": "100", "missing_lines": 0, "excluded_lines": 0, "percent_statements_covered": 100.0, "percent_statements_covered_display": "100"}, "missing_lines": [], "excluded_lines": [], "start_line": 58}, "": {"executed_lines": [3, 6, 9, 12, 13, 16, 19, 20, 21, 22, 25, 28, 29, 32, 35, 36, 39, 42, 43, 46, 49, 50, 51, 52, 53, 54, 55, 58, 67, 70, 73, 76, 79, 82, 85, 88, 91, 94], "summary": {"covered_lines": 38, "num_statements": 38, "percent_covered": 100.0, "percent_covered_display": "100", "missing_lines": 0, "excluded_lines": 0, "percent_statements_covered": 100.0, "percent_statements_covered_display": "100"}, "missing_lines": [], "excluded_lines": [], "start_line": 1}}}, "src/scaffold_ai/graph/workflow.py": {"executed_lines": [3, 5, 6, 17, 30, 33, 34, 35, 36, 37, 40, 41, 44, 54, 63, 64, 66, 70, 71, 74, 84, 85], "summary": {"covered_lines": 22, "num_statements": 22, "percent_covered": 100.0, "percent_covered_display": "100", "missing_lines": 0, "excluded_lines": 0, "percent_statements_covered": 100.0, "percent_statements_covered_display": "100"}, "missing_lines": [], "excluded_lines": [], "functions": {"create_workflow": {"executed_lines": [30, 33, 34, 35, 36, 37, 40, 41, 44, 54, 63, 64, 66], "summary": {"covered_lines": 13, "num_statements": 13, "percent_covered": 100.0, "percent_covered_display": "100", "missing_lines": 0, "excluded_lines": 0, "percent_statements_covered": 100.0, "percent_statements_covered_display": "100"}, "missing_lines": [], "excluded_lines": [], "start_line": 17}, "run_workflow": {"executed_lines": [84, 85], "summary": {"covered_lines": 2, "num_statements": 2, "percent_covered": 100.0, "percent_covered_display": "100", "missing_lines": 0, "excluded_lines": 0, "percent_statements_covered": 100.0, "percent_statements_covered_display": "100"}, "missing_lines": [], "excluded_lines": [], "start_line": 74}, "": {"executed_lines": [3, 5, 6, 17, 70, 71, 74], "summary": {"covered_lines": 7, "num_statements": 7, "percent_covered": 100.0, "percent_covered_display": "100", "missing_lines": 0, "excluded_lines": 0, "percent_statements_covered": 100.0, "percent_statements_covered_display": "100"}, "missing_lines": [], "excluded_lines": [], "start_line": 1}}, "classes": {"": {"executed_lines": [3, 5, 6, 17, 30, 33, 34, 35, 36, 37, 40, 41, 44, 54, 63, 64, 66, 70, 71, 74, 84, 85], "summary": {"covered_lines": 22, "num_statements": 22, "percent_covered": 100.0, "percent_covered_display": "100", "missing_lines": 0, "excluded_lines": 0, "percent_statements_covered": 100.0, "percent_statements_covered_display": "100"}, "missing_lines": [], "excluded_lines": [], "start_line": 1}}}, "src/scaffold_ai/main.py": {"executed_lines": [3, 5, 6, 7, 8, 9, 10, 11, 13, 14, 15, 16, 17, 18, 19, 20, 22, 25, 27, 33, 34, 38, 39, 41, 50, 51, 52, 53, 54, 55, 58, 61, 62, 63, 65, 66, 67, 69, 71, 73, 75, 76, 77, 84, 85, 86, 88, 90, 91, 93, 96, 99, 100, 101, 104, 107, 108, 109, 110, 111, 112, 114, 115, 116, 118, 120, 124, 127, 130, 132, 133, 134, 142, 145, 146, 149, 152, 153, 154, 157, 160, 161, 162, 163, 164, 165, 166, 169, 172, 173, 174, 175, 178, 179, 181, 184, 185, 192, 195, 196, 198, 199, 204, 207, 208, 209, 218, 219, 221, 223, 225, 239, 241, 257, 258, 260, 288, 289, 290, 317, 318, 326, 327, 328, 348, 349, 350, 374, 375, 376, 381, 382, 383, 391, 392, 393, 399, 400, 401, 411, 412, 413, 419, 420, 421, 430, 433, 434, 435, 442, 443, 445, 447, 448, 451, 463, 472, 474, 485, 486, 487, 489, 491, 492, 494], "summary": {"covered_lines": 165, "num_statements": 230, "percent_covered": 71.73913043478261, "percent_covered_display": "72", "missing_lines": 65, "excluded_lines": 0, "percent_statements_covered": 71.73913043478261, "percent_statements_covered_display": "72"}, "missing_lines": [70, 72, 79, 80, 81, 82, 89, 92, 121, 136, 137, 138, 139, 200, 201, 202, 247, 248, 249, 252, 253, 254, 301, 302, 311, 313, 314, 320, 334, 336, 338, 339, 340, 342, 343, 344, 345, 356, 358, 360, 361, 362, 364, 369, 370, 371, 378, 385, 386, 387, 388, 395, 396, 403, 405, 406, 408, 415, 416, 423, 424, 426, 480, 481, 482], "excluded_lines": [], "functions": {"ChatRequest.validate_user_input": {"executed_lines": [69, 71, 73], "summary": {"covered_lines": 3, "num_statements": 5, "percent_covered": 60.0, "percent_covered_display": "60", "missing_lines": 2, "excluded_lines": 0, "percent_statements_covered": 60.0, "percent_statements_covered_display": "60"}, "missing_lines": [70, 72], "excluded_lines": [], "start_line": 67}, "ChatRequest.validate_iac_format": {"executed_lines": [], "summary": {"covered_lines": 0, "num_statements": 4, "percent_covered": 0.0, "percent_covered_display": "0", "missing_lines": 4, "excluded_lines": 0, "percent_statements_covered": 0.0, "percent_statements_covered_display": "0"}, "missing_lines": [79, 80, 81, 82], "excluded_lines": [], "start_line": 77}, "ChatRequest.validate_graph_json": {"executed_lines": [88, 90, 91, 93], "summary": {"covered_lines": 4, "num_statements": 6, "percent_covered": 66.66666666666667, "percent_covered_display": "67", "missing_lines": 2, "excluded_lines": 0, "percent_statements_covered": 66.66666666666667, "percent_statements_covered_display": "67"}, "missing_lines": [89, 92], "excluded_lines": [], "start_line": 86}, "DeployRequest.validate_stack_name": {"executed_lines": [118, 120, 124], "summary": {"covered_lines": 3, "num_statements": 4, "percent_covered": 75.0, "percent_covered_display": "75", "missing_lines": 1, "excluded_lines": 0, "percent_statements_covered": 75.0, "percent_statements_covered_display": "75"}, "missing_lines": [121], "excluded_lines": [], "start_line": 116}, "GraphRequest.validate_graph": {"executed_lines": [], "summary": {"covered_lines": 0, "num_statements": 4, "percent_covered": 0.0, "percent_covered_display": "0", "missing_lines": 4, "excluded_lines": 0, "percent_statements_covered": 0.0, "percent_statements_covered_display": "0"}, "missing_lines": [136, 137, 138, 139], "excluded_lines": [], "start_line": 134}, "root": {"executed_lines": [181], "summary": {"covered_lines": 1, "num_statements": 1, "percent_covered": 100.0, "percent_covered_display": "100", "missing_lines": 0, "excluded_lines": 0, "percent_statements_covered": 100.0, "percent_statements_covered_display": "100"}, "missing_lines": [], "excluded_lines": [], "start_line": 179}, "health": {"executed_lines": [192, 195, 196, 198, 199, 204], "summary": {"covered_lines": 6, "num_statements": 9, "percent_covered": 66.66666666666667, "percent_covered_display": "67", "missing_lines": 3, "excluded_lines": 0, "percent_statements_covered": 66.66666666666667, "percent_statements_covered_display": "67"}, "missing_lines": [200, 201, 202], "excluded_lines": [], "start_line": 185}, "chat": {"executed_lines": [218, 219, 221, 223, 225, 239, 241], "summary": {"covered_lines": 7, "num_statements": 13, "percent_covered": 53.84615384615385, "percent_covered_display": "54", "missing_lines": 6, "excluded_lines": 0, "percent_statements_covered": 53.84615384615385, "percent_statements_covered_display": "54"}, "missing_lines": [247, 248, 249, 252, 253, 254], "excluded_lines": [], "start_line": 209}, "get_sample_graph": {"executed_lines": [260], "summary": {"covered_lines": 1, "num_statements": 1, "percent_covered": 100.0, "percent_covered_display": "100", "missing_lines": 0, "excluded_lines": 0, "percent_statements_covered": 100.0, "percent_statements_covered_display": "100"}, "missing_lines": [], "excluded_lines": [], "start_line": 258}, "deploy_stack": {"executed_lines": [], "summary": {"covered_lines": 0, "num_statements": 5, "percent_covered": 0.0, "percent_covered_display": "0", "missing_lines": 5, "excluded_lines": 0, "percent_statements_covered": 0.0, "percent_statements_covered_display": "0"}, "missing_lines": [301, 302, 311, 313, 314], "excluded_lines": [], "start_line": 290}, "deployment_status": {"executed_lines": [], "summary": {"covered_lines": 0, "num_statements": 1, "percent_covered": 0.0, "percent_covered_display": "0", "missing_lines": 1, "excluded_lines": 0, "percent_statements_covered": 0.0, "percent_statements_covered_display": "0"}, "missing_lines": [320], "excluded_lines": [], "start_line": 318}, "estimate_cost": {"executed_lines": [], "summary": {"covered_lines": 0, "num_statements": 9, "percent_covered": 0.0, "percent_covered_display": "0", "missing_lines": 9, "excluded_lines": 0, "percent_statements_covered": 0.0, "percent_statements_covered_display": "0"}, "missing_lines": [334, 336, 338, 339, 340, 342, 343, 344, 345], "excluded_lines": [], "start_line": 328}, "security_autofix_endpoint": {"executed_lines": [], "summary": {"covered_lines": 0, "num_statements": 9, "percent_covered": 0.0, "percent_covered_display": "0", "missing_lines": 9, "excluded_lines": 0, "percent_statements_covered": 0.0, "percent_statements_covered_display": "0"}, "missing_lines": [356, 358, 360, 361, 362, 364, 369, 370, 371], "excluded_lines": [], "start_line": 350}, "list_templates": {"executed_lines": [], "summary": {"covered_lines": 0, "num_statements": 1, "percent_covered": 0.0, "percent_covered_display": "0", "missing_lines": 1, "excluded_lines": 0, "percent_statements_covered": 0.0, "percent_statements_covered_display": "0"}, "missing_lines": [378], "excluded_lines": [], "start_line": 376}, "get_template": {"executed_lines": [], "summary": {"covered_lines": 0, "num_statements": 4, "percent_covered": 0.0, "percent_covered_display": "0", "missing_lines": 4, "excluded_lines": 0, "percent_statements_covered": 0.0, "percent_statements_covered_display": "0"}, "missing_lines": [385, 386, 387, 388], "excluded_lines": [], "start_line": 383}, "create_share": {"executed_lines": [], "summary": {"covered_lines": 0, "num_statements": 2, "percent_covered": 0.0, "percent_covered_display": "0", "missing_lines": 2, "excluded_lines": 0, "percent_statements_covered": 0.0, "percent_statements_covered_display": "0"}, "missing_lines": [395, 396], "excluded_lines": [], "start_line": 393}, "get_shared": {"executed_lines": [], "summary": {"covered_lines": 0, "num_statements": 4, "percent_covered": 0.0, "percent_covered_display": "0", "missing_lines": 4, "excluded_lines": 0, "percent_statements_covered": 0.0, "percent_statements_covered_display": "0"}, "missing_lines": [403, 405, 406, 408], "excluded_lines": [], "start_line": 401}, "record_security_score": {"executed_lines": [], "summary": {"covered_lines": 0, "num_statements": 2, "percent_covered": 0.0, "percent_covered_display": "0", "missing_lines": 2, "excluded_lines": 0, "percent_statements_covered": 0.0, "percent_statements_covered_display": "0"}, "missing_lines": [415, 416], "excluded_lines": [], "start_line": 413}, "get_security_history": {"executed_lines": [], "summary": {"covered_lines": 0, "num_statements": 3, "percent_covered": 0.0, "percent_covered_display": "0", "missing_lines": 3, "excluded_lines": 0, "percent_statements_covered": 0.0, "percent_statements_covered_display": "0"}, "missing_lines": [423, 424, 426], "excluded_lines": [], "start_line": 421}, "import_plan": {"executed_lines": [442, 443, 445, 447, 448, 451, 463, 472, 474], "summary": {"covered_lines": 9, "num_statements": 12, "percent_covered": 75.0, "percent_covered_display": "75", "missing_lines": 3, "excluded_lines": 0, "percent_statements_covered": 75.0, "percent_statements_covered_display": "75"}, "missing_lines": [480, 481, 482], "excluded_lines": [], "start_line": 435}, "get_imported_plan": {"executed_lines": [489, 491, 492, 494], "summary": {"covered_lines": 4, "num_statements": 4, "percent_covered": 100.0, "percent_covered_display": "100", "missing_lines": 0, "excluded_lines": 0, "percent_statements_covered": 100.0, "percent_statements_covered_display": "100"}, "missing_lines": [], "excluded_lines": [], "start_line": 487}, "": {"executed_lines": [3, 5, 6, 7, 8, 9, 10, 11, 13, 14, 15, 16, 17, 18, 19, 20, 22, 25, 27, 33, 34, 38, 39, 41, 50, 51, 52, 53, 54, 55, 58, 61, 62, 63, 65, 66, 67, 75, 76, 77, 84, 85, 86, 96, 99, 100, 101, 104, 107, 108, 109, 110, 111, 112, 114, 115, 116, 127, 130, 132, 133, 134, 142, 145, 146, 149, 152, 153, 154, 157, 160, 161, 162, 163, 164, 165, 166, 169, 172, 173, 174, 175, 178, 179, 184, 185, 207, 208, 209, 257, 258, 288, 289, 290, 317, 318, 326, 327, 328, 348, 349, 350, 374, 375, 376, 381, 382, 383, 391, 392, 393, 399, 400, 401, 411, 412, 413, 419, 420, 421, 430, 433, 434, 435, 485, 486, 487], "summary": {"covered_lines": 127, "num_statements": 127, "percent_covered": 100.0, "percent_covered_display": "100", "missing_lines": 0, "excluded_lines": 0, "percent_statements_covered": 100.0, "percent_statements_covered_display": "100"}, "missing_lines": [], "excluded_lines": [], "start_line": 1}}, "classes": {"ChatRequest": {"executed_lines": [69, 71, 73, 88, 90, 91, 93], "summary": {"covered_lines": 7, "num_statements": 15, "percent_covered": 46.666666666666664, "percent_covered_display": "47", "missing_lines": 8, "excluded_lines": 0, "percent_statements_covered": 46.666666666666664, "percent_statements_covered_display": "47"}, "missing_lines": [70, 72, 79, 80, 81, 82, 89, 92], "excluded_lines": [], "start_line": 58}, "ChatResponse": {"executed_lines": [], "summary": {"covered_lines": 0, "num_statements": 0, "percent_covered": 100.0, "percent_covered_display": "100", "missing_lines": 0, "excluded_lines": 0, "percent_statements_covered": 100.0, "percent_statements_covered_display": "100"}, "missing_lines": [], "excluded_lines": [], "start_line": 96}, "DeployRequest": {"executed_lines": [118, 120, 124], "summary": {"covered_lines": 3, "num_statements": 4, "percent_covered": 75.0, "percent_covered_display": "75", "missing_lines": 1, "excluded_lines": 0, "percent_statements_covered": 75.0, "percent_statements_covered_display": "75"}, "missing_lines": [121], "excluded_lines": [], "start_line": 104}, "GraphRequest": {"executed_lines": [], "summary": {"covered_lines": 0, "num_statements": 4, "percent_covered": 0.0, "percent_covered_display": "0", "missing_lines": 4, "excluded_lines": 0, "percent_statements_covered": 0.0, "percent_statements_covered_display": "0"}, "missing_lines": [136, 137, 138, 139], "excluded_lines": [], "start_line": 127}, "ShareRequest": {"executed_lines": [], "summary": {"covered_lines": 0, "num_statements": 0, "percent_covered": 100.0, "percent_covered_display": "100", "missing_lines": 0, "excluded_lines": 0, "percent_statements_covered": 100.0, "percent_statements_covered_display": "100"}, "missing_lines": [], "excluded_lines": [], "start_line": 142}, "SecurityHistoryRequest": {"executed_lines": [], "summary": {"covered_lines": 0, "num_statements": 0, "percent_covered": 100.0, "percent_covered_display": "100", "missing_lines": 0, "excluded_lines": 0, "percent_statements_covered": 100.0, "percent_statements_covered_display": "100"}, "missing_lines": [], "excluded_lines": [], "start_line": 149}, "PlanImportRequest": {"executed_lines": [], "summary": {"covered_lines": 0, "num_statements": 0, "percent_covered": 100.0, "percent_covered_display": "100", "missing_lines": 0, "excluded_lines": 0, "percent_statements_covered": 100.0, "percent_statements_covered_display": "100"}, "missing_lines": [], "excluded_lines": [], "start_line": 157}, "DeployResponse": {"executed_lines": [], "summary": {"covered_lines": 0, "num_statements": 0, "percent_covered": 100.0, "percent_covered_display": "100", "missing_lines": 0, "excluded_lines": 0, "percent_statements_covered": 100.0, "percent_statements_covered_display": "100"}, "missing_lines": [], "excluded_lines": [], "start_line": 169}, "": {"executed_lines": [3, 5, 6, 7, 8, 9, 10, 11, 13, 14, 15, 16, 17, 18, 19, 20, 22, 25, 27, 33, 34, 38, 39, 41, 50, 51, 52, 53, 54, 55, 58, 61, 62, 63, 65, 66, 67, 75, 76, 77, 84, 85, 86, 96, 99, 100, 101, 104, 107, 108, 109, 110, 111, 112, 114, 115, 116, 127, 130, 132, 133, 134, 142, 145, 146, 149, 152, 153, 154, 157, 160, 161, 162, 163, 164, 165, 166, 169, 172, 173, 174, 175, 178, 179, 181, 184, 185, 192, 195, 196, 198, 199, 204, 207, 208, 209, 218, 219, 221, 223, 225, 239, 241, 257, 258, 260, 288, 289, 290, 317, 318, 326, 327, 328, 348, 349, 350, 374, 375, 376, 381, 382, 383, 391, 392, 393, 399, 400, 401, 411, 412, 413, 419, 420, 421, 430, 433, 434, 435, 442, 443, 445, 447, 448, 451, 463, 472, 474, 485, 486, 487, 489, 491, 492, 494], "summary": {"covered_lines": 155, "num_statements": 207, "percent_covered": 74.8792270531401, "percent_covered_display": "75", "missing_lines": 52, "excluded_lines": 0, "percent_statements_covered": 74.8792270531401, "percent_statements_covered_display": "75"}, "missing_lines": [200, 201, 202, 247, 248, 249, 252, 253, 254, 301, 302, 311, 313, 314, 320, 334, 336, 338, 339, 340, 342, 343, 344, 345, 356, 358, 360, 361, 362, 364, 369, 370, 371, 378, 385, 386, 387, 388, 395, 396, 403, 405, 406, 408, 415, 416, 423, 424, 426, 480, 481, 482], "excluded_lines": [], "start_line": 1}}}, "src/scaffold_ai/services/cdk_deployment.py": {"executed_lines": [3, 4, 5, 6, 7, 8, 9, 12, 15, 16, 18, 20, 21, 24, 25, 26, 28, 51, 52, 57, 58, 60, 61, 64, 67, 70, 71, 77, 78, 79, 88, 89, 92, 95, 100, 101, 104, 117, 119, 122, 146, 148, 151, 173, 177, 179, 180, 181, 182, 184, 187, 191, 193, 195, 203, 204, 214, 215, 216, 219, 221, 222, 229, 230, 231, 233, 234, 236, 243, 247, 248, 256, 261, 262, 267, 268, 270, 276], "summary": {"covered_lines": 78, "num_statements": 89, "percent_covered": 87.64044943820225, "percent_covered_display": "88", "missing_lines": 11, "excluded_lines": 0, "percent_statements_covered": 87.64044943820225, "percent_statements_covered_display": "88"}, "missing_lines": [82, 86, 93, 152, 161, 163, 166, 167, 170, 171, 217], "excluded_lines": [], "functions": {"CDKDeploymentService.__init__": {"executed_lines": [16], "summary": {"covered_lines": 1, "num_statements": 1, "percent_covered": 100.0, "percent_covered_display": "100", "missing_lines": 0, "excluded_lines": 0, "percent_statements_covered": 100.0, "percent_statements_covered_display": "100"}, "missing_lines": [], "excluded_lines": [], "start_line": 15}, "CDKDeploymentService._get_cdk_version": {"executed_lines": [20, 21, 24, 25, 26], "summary": {"covered_lines": 5, "num_statements": 5, "percent_covered": 100.0, "percent_covered_display": "100", "missing_lines": 0, "excluded_lines": 0, "percent_statements_covered": 100.0, "percent_statements_covered_display": "100"}, "missing_lines": [], "excluded_lines": [], "start_line": 18}, "CDKDeploymentService.deploy": {"executed_lines": [51, 52, 57, 58, 60, 61, 64, 67, 70, 71, 77, 78, 79, 88, 89, 92], "summary": {"covered_lines": 16, "num_statements": 19, "percent_covered": 84.21052631578948, "percent_covered_display": "84", "missing_lines": 3, "excluded_lines": 0, "percent_statements_covered": 84.21052631578948, "percent_statements_covered_display": "84"}, "missing_lines": [82, 86, 93], "excluded_lines": [], "start_line": 28}, "CDKDeploymentService._create_cdk_project": {"executed_lines": [100, 101, 104, 117, 119, 122, 146, 148, 151], "summary": {"covered_lines": 9, "num_statements": 16, "percent_covered": 56.25, "percent_covered_display": "56", "missing_lines": 7, "excluded_lines": 0, "percent_statements_covered": 56.25, "percent_statements_covered_display": "56"}, "missing_lines": [152, 161, 163, 166, 167, 170, 171], "excluded_lines": [], "start_line": 95}, "CDKDeploymentService._bootstrap_cdk": {"executed_lines": [177, 179, 180, 181, 182, 184, 187, 191, 193], "summary": {"covered_lines": 9, "num_statements": 9, "percent_covered": 100.0, "percent_covered_display": "100", "missing_lines": 0, "excluded_lines": 0, "percent_statements_covered": 100.0, "percent_statements_covered_display": "100"}, "missing_lines": [], "excluded_lines": [], "start_line": 173}, "CDKDeploymentService._deploy_stack": {"executed_lines": [203, 204, 214, 215, 216, 219, 221, 222, 229, 230, 231, 233, 234, 236], "summary": {"covered_lines": 14, "num_statements": 15, "percent_covered": 93.33333333333333, "percent_covered_display": "93", "missing_lines": 1, "excluded_lines": 0, "percent_statements_covered": 93.33333333333333, "percent_statements_covered_display": "93"}, "missing_lines": [217], "excluded_lines": [], "start_line": 195}, "CDKDeploymentService._run_command": {"executed_lines": [247, 248, 256, 261, 262, 267, 268], "summary": {"covered_lines": 7, "num_statements": 7, "percent_covered": 100.0, "percent_covered_display": "100", "missing_lines": 0, "excluded_lines": 0, "percent_statements_covered": 100.0, "percent_statements_covered_display": "100"}, "missing_lines": [], "excluded_lines": [], "start_line": 243}, "CDKDeploymentService.destroy": {"executed_lines": [276], "summary": {"covered_lines": 1, "num_statements": 1, "percent_covered": 100.0, "percent_covered_display": "100", "missing_lines": 0, "excluded_lines": 0, "percent_statements_covered": 100.0, "percent_statements_covered_display": "100"}, "missing_lines": [], "excluded_lines": [], "start_line": 270}, "": {"executed_lines": [3, 4, 5, 6, 7, 8, 9, 12, 15, 18, 28, 95, 173, 195, 243, 270], "summary": {"covered_lines": 16, "num_statements": 16, "percent_covered": 100.0, "percent_covered_display": "100", "missing_lines": 0, "excluded_lines": 0, "percent_statements_covered": 100.0, "percent_statements_covered_display": "100"}, "missing_lines": [], "excluded_lines": [], "start_line": 1}}, "classes": {"CDKDeploymentService": {"executed_lines": [16, 20, 21, 24, 25, 26, 51, 52, 57, 58, 60, 61, 64, 67, 70, 71, 77, 78, 79, 88, 89, 92, 100, 101, 104, 117, 119, 122, 146, 148, 151, 177, 179, 180, 181, 182, 184, 187, 191, 193, 203, 204, 214, 215, 216, 219, 221, 222, 229, 230, 231, 233, 234, 236, 247, 248, 256, 261, 262, 267, 268, 276], "summary": {"covered_lines": 62, "num_statements": 73, "percent_covered": 84.93150684931507, "percent_covered_display": "85", "missing_lines": 11, "excluded_lines": 0, "percent_statements_covered": 84.93150684931507, "percent_statements_covered_display": "85"}, "missing_lines": [82, 86, 93, 152, 161, 163, 166, 167, 170, 171, 217], "excluded_lines": [], "start_line": 12}, "": {"executed_lines": [3, 4, 5, 6, 7, 8, 9, 12, 15, 18, 28, 95, 173, 195, 243, 270], "summary": {"covered_lines": 16, "num_statements": 16, "percent_covered": 100.0, "percent_covered_display": "100", "missing_lines": 0, "excluded_lines": 0, "percent_statements_covered": 100.0, "percent_statements_covered_display": "100"}, "missing_lines": [], "excluded_lines": [], "start_line": 1}}}, "src/scaffold_ai/services/cdk_generator.py": {"executed_lines": [3, 6, 9, 11, 12, 14, 27, 29, 31, 32, 33, 34, 35, 36, 37, 38, 39, 40, 41, 43, 45, 46, 47, 49, 50, 56, 58, 60, 61, 63, 64, 65, 66, 67, 68, 70, 71, 83, 84, 99, 100, 110, 111, 122, 137, 154, 156, 157, 166, 173, 174, 197, 198, 199, 200, 201, 203, 205, 206, 208, 209, 221, 223, 225, 226, 227, 230, 232], "summary": {"covered_lines": 68, "num_statements": 87, "percent_covered": 78.16091954022988, "percent_covered_display": "78", "missing_lines": 19, "excluded_lines": 0, "percent_statements_covered": 78.16091954022988, "percent_statements_covered_display": "78"}, "missing_lines": [42, 44, 48, 51, 52, 53, 54, 123, 138, 167, 180, 181, 188, 189, 212, 213, 216, 217, 228], "excluded_lines": [], "functions": {"CDKGenerator.generate": {"executed_lines": [11, 12, 14], "summary": {"covered_lines": 3, "num_statements": 3, "percent_covered": 100.0, "percent_covered_display": "100", "missing_lines": 0, "excluded_lines": 0, "percent_statements_covered": 100.0, "percent_statements_covered_display": "100"}, "missing_lines": [], "excluded_lines": [], "start_line": 9}, "CDKGenerator._get_imports": {"executed_lines": [29, 31, 32, 33, 34, 35, 36, 37, 38, 39, 40, 41, 43, 45, 46, 47, 49, 50, 56], "summary": {"covered_lines": 19, "num_statements": 26, "percent_covered": 73.07692307692308, "percent_covered_display": "73", "missing_lines": 7, "excluded_lines": 0, "percent_statements_covered": 73.07692307692308, "percent_statements_covered_display": "73"}, "missing_lines": [42, 44, 48, 51, 52, 53, 54], "excluded_lines": [], "start_line": 27}, "CDKGenerator._generate_constructs": {"executed_lines": [60, 61, 63, 64, 65, 66, 67, 68, 70, 71, 83, 84, 99, 100, 110, 111, 122, 137, 154, 156, 157, 166, 173, 174, 197, 198, 199, 200, 201, 203, 205, 206, 208, 209, 221], "summary": {"covered_lines": 35, "num_statements": 46, "percent_covered": 76.08695652173913, "percent_covered_display": "76", "missing_lines": 11, "excluded_lines": 0, "percent_statements_covered": 76.08695652173913, "percent_statements_covered_display": "76"}, "missing_lines": [123, 138, 167, 180, 181, 188, 189, 212, 213, 216, 217], "excluded_lines": [], "start_line": 58}, "CDKGenerator._get_node_type": {"executed_lines": [225, 226, 227], "summary": {"covered_lines": 3, "num_statements": 4, "percent_covered": 75.0, "percent_covered_display": "75", "missing_lines": 1, "excluded_lines": 0, "percent_statements_covered": 75.0, "percent_statements_covered_display": "75"}, "missing_lines": [228], "excluded_lines": [], "start_line": 223}, "CDKGenerator._to_var_name": {"executed_lines": [232], "summary": {"covered_lines": 1, "num_statements": 1, "percent_covered": 100.0, "percent_covered_display": "100", "missing_lines": 0, "excluded_lines": 0, "percent_statements_covered": 100.0, "percent_statements_covered_display": "100"}, "missing_lines": [], "excluded_lines": [], "start_line": 230}, "": {"executed_lines": [3, 6, 9, 27, 58, 223, 230], "summary": {"covered_lines": 7, "num_statements": 7, "percent_covered": 100.0, "percent_covered_display": "100", "missing_lines": 0, "excluded_lines": 0, "percent_statements_covered": 100.0, "percent_statements_covered_display": "100"}, "missing_lines": [], "excluded_lines": [], "start_line": 1}}, "classes": {"CDKGenerator": {"executed_lines": [11, 12, 14, 29, 31, 32, 33, 34, 35, 36, 37, 38, 39, 40, 41, 43, 45, 46, 47, 49, 50, 56, 60, 61, 63, 64, 65, 66, 67, 68, 70, 71, 83, 84, 99, 100, 110, 111, 122, 137, 154, 156, 157, 166, 173, 174, 197, 198, 199, 200, 201, 203, 205, 206, 208, 209, 221, 225, 226, 227, 232], "summary": {"covered_lines": 61, "num_statements": 80, "percent_covered": 76.25, "percent_covered_display": "76", "missing_lines": 19, "excluded_lines": 0, "percent_statements_covered": 76.25, "percent_statements_covered_display": "76"}, "missing_lines": [42, 44, 48, 51, 52, 53, 54, 123, 138, 167, 180, 181, 188, 189, 212, 213, 216, 217, 228], "excluded_lines": [], "start_line": 6}, "": {"executed_lines": [3, 6, 9, 27, 58, 223, 230], "summary": {"covered_lines": 7, "num_statements": 7, "percent_covered": 100.0, "percent_covered_display": "100", "missing_lines": 0, "excluded_lines": 0, "percent_statements_covered": 100.0, "percent_statements_covered_display": "100"}, "missing_lines": [], "excluded_lines": [], "start_line": 1}}}, "src/scaffold_ai/services/cost_estimator.py": {"executed_lines": [3, 6, 10, 65, 75, 77, 78, 85, 86, 87, 95, 96, 97, 98, 99, 102, 103, 104, 105, 107, 116, 119, 120, 121, 129, 131, 138, 140, 154, 156, 158, 172, 174, 176, 177, 179, 181, 182, 183, 187, 188, 191, 193, 194, 195, 199, 202, 205, 206, 207, 209], "summary": {"covered_lines": 51, "num_statements": 53, "percent_covered": 96.22641509433963, "percent_covered_display": "96", "missing_lines": 2, "excluded_lines": 0, "percent_statements_covered": 96.22641509433963, "percent_statements_covered_display": "96"}, "missing_lines": [200, 203], "excluded_lines": [], "functions": {"CostEstimator.estimate": {"executed_lines": [75, 77, 78, 85, 86, 87, 95, 96, 97, 98, 99, 102, 103, 104, 105, 107, 116, 119, 120, 121, 129, 131], "summary": {"covered_lines": 22, "num_statements": 22, "percent_covered": 100.0, "percent_covered_display": "100", "missing_lines": 0, "excluded_lines": 0, "percent_statements_covered": 100.0, "percent_statements_covered_display": "100"}, "missing_lines": [], "excluded_lines": [], "start_line": 65}, "CostEstimator._service_name": {"executed_lines": [140, 154], "summary": {"covered_lines": 2, "num_statements": 2, "percent_covered": 100.0, "percent_covered_display": "100", "missing_lines": 0, "excluded_lines": 0, "percent_statements_covered": 100.0, "percent_statements_covered_display": "100"}, "missing_lines": [], "excluded_lines": [], "start_line": 138}, "CostEstimator._get_cost_details": {"executed_lines": [158, 172], "summary": {"covered_lines": 2, "num_statements": 2, "percent_covered": 100.0, "percent_covered_display": "100", "missing_lines": 0, "excluded_lines": 0, "percent_statements_covered": 100.0, "percent_statements_covered_display": "100"}, "missing_lines": [], "excluded_lines": [], "start_line": 156}, "CostEstimator.get_optimization_tips": {"executed_lines": [176, 177, 179, 181, 182, 183, 187, 188, 191, 193, 194, 195, 199, 202, 205, 206, 207, 209], "summary": {"covered_lines": 18, "num_statements": 20, "percent_covered": 90.0, "percent_covered_display": "90", "missing_lines": 2, "excluded_lines": 0, "percent_statements_covered": 90.0, "percent_statements_covered_display": "90"}, "missing_lines": [200, 203], "excluded_lines": [], "start_line": 174}, "": {"executed_lines": [3, 6, 10, 65, 138, 156, 174], "summary": {"covered_lines": 7, "num_statements": 7, "percent_covered": 100.0, "percent_covered_display": "100", "missing_lines": 0, "excluded_lines": 0, "percent_statements_covered": 100.0, "percent_statements_covered_display": "100"}, "missing_lines": [], "excluded_lines": [], "start_line": 1}}, "classes": {"CostEstimator": {"executed_lines": [75, 77, 78, 85, 86, 87, 95, 96, 97, 98, 99, 102, 103, 104, 105, 107, 116, 119, 120, 121, 129, 131, 140, 154, 158, 172, 176, 177, 179, 181, 182, 183, 187, 188, 191, 193, 194, 195, 199, 202, 205, 206, 207, 209], "summary": {"covered_lines": 44, "num_statements": 46, "percent_covered": 95.65217391304348, "percent_covered_display": "96", "missing_lines": 2, "excluded_lines": 0, "percent_statements_covered": 95.65217391304348, "percent_statements_covered_display": "96"}, "missing_lines": [200, 203], "excluded_lines": [], "start_line": 6}, "": {"executed_lines": [3, 6, 10, 65, 138, 156, 174], "summary": {"covered_lines": 7, "num_statements": 7, "percent_covered": 100.0, "percent_covered_display": "100", "missing_lines": 0, "excluded_lines": 0, "percent_statements_covered": 100.0, "percent_statements_covered_display": "100"}, "missing_lines": [], "excluded_lines": [], "start_line": 1}}}, "src/scaffold_ai/services/security_autofix.py": {"executed_lines": [3, 7, 23, 31, 32, 35, 36, 38, 39, 40, 43, 44, 46, 49, 50, 51, 52, 53, 54, 57, 60, 64, 65, 66, 68, 69, 72, 73, 74, 75, 76, 77, 78, 80, 81, 82, 83, 85, 86, 87, 88, 89, 90, 91, 92, 93, 94, 95, 96, 97, 98, 100, 101, 102, 103, 104, 105, 106, 107, 109, 110, 111, 112, 113, 114, 115, 116, 118, 119, 120, 121, 122, 123, 124, 125, 126, 127, 128, 129, 130, 132, 133, 134, 135, 136, 137, 138, 140, 141, 142, 143, 144, 145, 146, 148, 149, 150, 151, 152, 153, 154, 155, 157, 158, 159, 160, 161, 163, 164, 165, 166, 167, 168, 169, 171, 172, 173, 174, 176, 178, 181, 183, 195, 196, 197, 198, 207, 209, 211, 213, 214, 216, 217, 220, 221, 222, 223, 224, 225, 226, 229, 230, 231, 232, 233, 235, 238, 239, 240, 241, 242, 244, 247, 248, 249, 250, 251, 253, 256, 257, 258, 262, 265, 266, 267, 268, 269, 271, 274, 275, 276, 277, 278, 280, 282, 284], "summary": {"covered_lines": 176, "num_statements": 179, "percent_covered": 98.32402234636872, "percent_covered_display": "98", "missing_lines": 3, "excluded_lines": 0, "percent_statements_covered": 98.32402234636872, "percent_statements_covered_display": "98"}, "missing_lines": [47, 259, 260], "excluded_lines": [], "functions": {"_resolve_type": {"executed_lines": [31, 32, 35, 36, 38, 39, 40, 43, 44, 46, 49, 50, 51, 52, 53, 54], "summary": {"covered_lines": 16, "num_statements": 17, "percent_covered": 94.11764705882354, "percent_covered_display": "94", "missing_lines": 1, "excluded_lines": 0, "percent_statements_covered": 94.11764705882354, "percent_statements_covered_display": "94"}, "missing_lines": [47], "excluded_lines": [], "start_line": 23}, "SecurityAutoFix.analyze_and_fix": {"executed_lines": [64, 65, 66, 68, 69, 72, 73, 74, 75, 76, 77, 78, 80, 81, 82, 83, 85, 86, 87, 88, 89, 90, 91, 92, 93, 94, 95, 96, 97, 98, 100, 101, 102, 103, 104, 105, 106, 107, 109, 110, 111, 112, 113, 114, 115, 116, 118, 119, 120, 121, 122, 123, 124, 125, 126, 127, 128, 129, 130, 132, 133, 134, 135, 136, 137, 138, 140, 141, 142, 143, 144, 145, 146, 148, 149, 150, 151, 152, 153, 154, 155, 157, 158, 159, 160, 161, 163, 164, 165, 166, 167, 168, 169, 171, 172, 173, 174, 176], "summary": {"covered_lines": 98, "num_statements": 98, "percent_covered": 100.0, "percent_covered_display": "100", "missing_lines": 0, "excluded_lines": 0, "percent_statements_covered": 100.0, "percent_statements_covered_display": "100"}, "missing_lines": [], "excluded_lines": [], "start_line": 60}, "SecurityAutoFix._add_auth_node": {"executed_lines": [181, 183, 195, 196, 197, 198, 207], "summary": {"covered_lines": 7, "num_statements": 7, "percent_covered": 100.0, "percent_covered_display": "100", "missing_lines": 0, "excluded_lines": 0, "percent_statements_covered": 100.0, "percent_statements_covered_display": "100"}, "missing_lines": [], "excluded_lines": [], "start_line": 178}, "SecurityAutoFix.get_security_score": {"executed_lines": [211, 213, 214, 216, 217, 220, 221, 222, 223, 224, 225, 226, 229, 230, 231, 232, 233, 235, 238, 239, 240, 241, 242, 244, 247, 248, 249, 250, 251, 253, 256, 257, 258, 262, 265, 266, 267, 268, 269, 271, 274, 275, 276, 277, 278, 280, 282, 284], "summary": {"covered_lines": 48, "num_statements": 50, "percent_covered": 96.0, "percent_covered_display": "96", "missing_lines": 2, "excluded_lines": 0, "percent_statements_covered": 96.0, "percent_statements_covered_display": "96"}, "missing_lines": [259, 260], "excluded_lines": [], "start_line": 209}, "": {"executed_lines": [3, 7, 23, 57, 60, 178, 209], "summary": {"covered_lines": 7, "num_statements": 7, "percent_covered": 100.0, "percent_covered_display": "100", "missing_lines": 0, "excluded_lines": 0, "percent_statements_covered": 100.0, "percent_statements_covered_display": "100"}, "missing_lines": [], "excluded_lines": [], "start_line": 1}}, "classes": {"SecurityAutoFix": {"executed_lines": [64, 65, 66, 68, 69, 72, 73, 74, 75, 76, 77, 78, 80, 81, 82, 83, 85, 86, 87, 88, 89, 90, 91, 92, 93, 94, 95, 96, 97, 98, 100, 101, 102, 103, 104, 105, 106, 107, 109, 110, 111, 112, 113, 114, 115, 116, 118, 119, 120, 121, 122, 123, 124, 125, 126, 127, 128, 129, 130, 132, 133, 134, 135, 136, 137, 138, 140, 141, 142, 143, 144, 145, 146, 148, 149, 150, 151, 152, 153, 154, 155, 157, 158, 159, 160, 161, 163, 164, 165, 166, 167, 168, 169, 171, 172, 173, 174, 176, 181, 183, 195, 196, 197, 198, 207, 211, 213, 214, 216, 217, 220, 221, 222, 223, 224, 225, 226, 229, 230, 231, 232, 233, 235, 238, 239, 240, 241, 242, 244, 247, 248, 249, 250, 251, 253, 256, 257, 258, 262, 265, 266, 267, 268, 269, 271, 274, 275, 276, 277, 278, 280, 282, 284], "summary": {"covered_lines": 153, "num_statements": 155, "percent_covered": 98.70967741935483, "percent_covered_display": "99", "missing_lines": 2, "excluded_lines": 0, "percent_statements_covered": 98.70967741935483, "percent_statements_covered_display": "99"}, "missing_lines": [259, 260], "excluded_lines": [], "start_line": 57}, "": {"executed_lines": [3, 7, 23, 31, 32, 35, 36, 38, 39, 40, 43, 44, 46, 49, 50, 51, 52, 53, 54, 57, 60, 178, 209], "summary": {"covered_lines": 23, "num_statements": 24, "percent_covered": 95.83333333333333, "percent_covered_display": "96", "missing_lines": 1, "excluded_lines": 0, "percent_statements_covered": 95.83333333333333, "percent_statements_covered_display": "96"}, "missing_lines": [47], "excluded_lines": [], "start_line": 1}}}, "src/scaffold_ai/services/security_history.py": {"executed_lines": [3, 6, 9, 10, 12, 16, 18, 19, 21, 33, 35, 37, 39, 41, 44, 45, 46, 48], "summary": {"covered_lines": 18, "num_statements": 19, "percent_covered": 94.73684210526316, "percent_covered_display": "95", "missing_lines": 1, "excluded_lines": 0, "percent_statements_covered": 94.73684210526316, "percent_statements_covered_display": "95"}, "missing_lines": [42], "excluded_lines": [], "functions": {"SecurityHistoryService.__init__": {"executed_lines": [10], "summary": {"covered_lines": 1, "num_statements": 1, "percent_covered": 100.0, "percent_covered_display": "100", "missing_lines": 0, "excluded_lines": 0, "percent_statements_covered": 100.0, "percent_statements_covered_display": "100"}, "missing_lines": [], "excluded_lines": [], "start_line": 9}, "SecurityHistoryService.record_score": {"executed_lines": [16, 18, 19, 21], "summary": {"covered_lines": 4, "num_statements": 4, "percent_covered": 100.0, "percent_covered_display": "100", "missing_lines": 0, "excluded_lines": 0, "percent_statements_covered": 100.0, "percent_statements_covered_display": "100"}, "missing_lines": [], "excluded_lines": [], "start_line": 12}, "SecurityHistoryService.get_history": {"executed_lines": [35], "summary": {"covered_lines": 1, "num_statements": 1, "percent_covered": 100.0, "percent_covered_display": "100", "missing_lines": 0, "excluded_lines": 0, "percent_statements_covered": 100.0, "percent_statements_covered_display": "100"}, "missing_lines": [], "excluded_lines": [], "start_line": 33}, "SecurityHistoryService.get_improvement": {"executed_lines": [39, 41, 44, 45, 46, 48], "summary": {"covered_lines": 6, "num_statements": 7, "percent_covered": 85.71428571428571, "percent_covered_display": "86", "missing_lines": 1, "excluded_lines": 0, "percent_statements_covered": 85.71428571428571, "percent_statements_covered_display": "86"}, "missing_lines": [42], "excluded_lines": [], "start_line": 37}, "": {"executed_lines": [3, 6, 9, 12, 33, 37], "summary": {"covered_lines": 6, "num_statements": 6, "percent_covered": 100.0, "percent_covered_display": "100", "missing_lines": 0, "excluded_lines": 0, "percent_statements_covered": 100.0, "percent_statements_covered_display": "100"}, "missing_lines": [], "excluded_lines": [], "start_line": 1}}, "classes": {"SecurityHistoryService": {"executed_lines": [10, 16, 18, 19, 21, 35, 39, 41, 44, 45, 46, 48], "summary": {"covered_lines": 12, "num_statements": 13, "percent_covered": 92.3076923076923, "percent_covered_display": "92", "missing_lines": 1, "excluded_lines": 0, "percent_statements_covered": 92.3076923076923, "percent_statements_covered_display": "92"}, "missing_lines": [42], "excluded_lines": [], "start_line": 6}, "": {"executed_lines": [3, 6, 9, 12, 33, 37], "summary": {"covered_lines": 6, "num_statements": 6, "percent_covered": 100.0, "percent_covered_display": "100", "missing_lines": 0, "excluded_lines": 0, "percent_statements_covered": 100.0, "percent_statements_covered_display": "100"}, "missing_lines": [], "excluded_lines": [], "start_line": 1}}}, "src/scaffold_ai/services/sharing.py": {"executed_lines": [3, 4, 5, 8, 11, 12, 14, 16, 19, 20, 23, 29, 31, 33, 35], "summary": {"covered_lines": 15, "num_statements": 16, "percent_covered": 93.75, "percent_covered_display": "94", "missing_lines": 1, "excluded_lines": 0, "percent_statements_covered": 93.75, "percent_statements_covered_display": "94"}, "missing_lines": [37], "excluded_lines": [], "functions": {"SharingService.__init__": {"executed_lines": [12], "summary": {"covered_lines": 1, "num_statements": 1, "percent_covered": 100.0, "percent_covered_display": "100", "missing_lines": 0, "excluded_lines": 0, "percent_statements_covered": 100.0, "percent_statements_covered_display": "100"}, "missing_lines": [], "excluded_lines": [], "start_line": 11}, "SharingService.create_share_link": {"executed_lines": [16, 19, 20, 23, 29], "summary": {"covered_lines": 5, "num_statements": 5, "percent_covered": 100.0, "percent_covered_display": "100", "missing_lines": 0, "excluded_lines": 0, "percent_statements_covered": 100.0, "percent_statements_covered_display": "100"}, "missing_lines": [], "excluded_lines": [], "start_line": 14}, "SharingService.get_shared_architecture": {"executed_lines": [33], "summary": {"covered_lines": 1, "num_statements": 1, "percent_covered": 100.0, "percent_covered_display": "100", "missing_lines": 0, "excluded_lines": 0, "percent_statements_covered": 100.0, "percent_statements_covered_display": "100"}, "missing_lines": [], "excluded_lines": [], "start_line": 31}, "SharingService.list_shared": {"executed_lines": [], "summary": {"covered_lines": 0, "num_statements": 1, "percent_covered": 0.0, "percent_covered_display": "0", "missing_lines": 1, "excluded_lines": 0, "percent_statements_covered": 0.0, "percent_statements_covered_display": "0"}, "missing_lines": [37], "excluded_lines": [], "start_line": 35}, "": {"executed_lines": [3, 4, 5, 8, 11, 14, 31, 35], "summary": {"covered_lines": 8, "num_statements": 8, "percent_covered": 100.0, "percent_covered_display": "100", "missing_lines": 0, "excluded_lines": 0, "percent_statements_covered": 100.0, "percent_statements_covered_display": "100"}, "missing_lines": [], "excluded_lines": [], "start_line": 1}}, "classes": {"SharingService": {"executed_lines": [12, 16, 19, 20, 23, 29, 33], "summary": {"covered_lines": 7, "num_statements": 8, "percent_covered": 87.5, "percent_covered_display": "88", "missing_lines": 1, "excluded_lines": 0, "percent_statements_covered": 87.5, "percent_statements_covered_display": "88"}, "missing_lines": [37], "excluded_lines": [], "start_line": 8}, "": {"executed_lines": [3, 4, 5, 8, 11, 14, 31, 35], "summary": {"covered_lines": 8, "num_statements": 8, "percent_covered": 100.0, "percent_covered_display": "100", "missing_lines": 0, "excluded_lines": 0, "percent_statements_covered": 100.0, "percent_statements_covered_display": "100"}, "missing_lines": [], "excluded_lines": [], "start_line": 1}}}, "src/scaffold_ai/services/stack_splitter.py": {"executed_lines": [3, 6, 9, 11, 13, 15, 17, 25, 26, 27, 29, 30, 31, 32, 33, 34, 35, 36, 39, 42, 43, 44, 47, 48, 51, 52, 53, 54, 57, 59, 63, 65, 67, 68, 76, 77, 78, 85, 87, 89, 90, 91, 92, 95, 97, 104, 111, 124, 126, 128, 129, 132, 133, 135], "summary": {"covered_lines": 54, "num_statements": 55, "percent_covered": 98.18181818181819, "percent_covered_display": "98", "missing_lines": 1, "excluded_lines": 0, "percent_statements_covered": 98.18181818181819, "percent_statements_covered_display": "98"}, "missing_lines": [93], "excluded_lines": [], "functions": {"StackSplitter.should_split": {"executed_lines": [13], "summary": {"covered_lines": 1, "num_statements": 1, "percent_covered": 100.0, "percent_covered_display": "100", "missing_lines": 0, "excluded_lines": 0, "percent_statements_covered": 100.0, "percent_statements_covered_display": "100"}, "missing_lines": [], "excluded_lines": [], "start_line": 11}, "StackSplitter.split_by_layer": {"executed_lines": [17, 25, 26, 27, 29, 30, 31, 32, 33, 34, 35, 36, 39, 42, 43, 44, 47, 48, 51, 52, 53, 54, 57], "summary": {"covered_lines": 23, "num_statements": 23, "percent_covered": 100.0, "percent_covered_display": "100", "missing_lines": 0, "excluded_lines": 0, "percent_statements_covered": 100.0, "percent_statements_covered_display": "100"}, "missing_lines": [], "excluded_lines": [], "start_line": 15}, "StackSplitter.generate_nested_stack_code": {"executed_lines": [63, 65, 67, 68, 76, 77, 78, 85], "summary": {"covered_lines": 8, "num_statements": 8, "percent_covered": 100.0, "percent_covered_display": "100", "missing_lines": 0, "excluded_lines": 0, "percent_statements_covered": 100.0, "percent_statements_covered_display": "100"}, "missing_lines": [], "excluded_lines": [], "start_line": 59}, "StackSplitter._find_node_stack": {"executed_lines": [89, 90, 91, 92], "summary": {"covered_lines": 4, "num_statements": 5, "percent_covered": 80.0, "percent_covered_display": "80", "missing_lines": 1, "excluded_lines": 0, "percent_statements_covered": 80.0, "percent_statements_covered_display": "80"}, "missing_lines": [93], "excluded_lines": [], "start_line": 87}, "StackSplitter._generate_main_stack_cdk": {"executed_lines": [97, 104, 111], "summary": {"covered_lines": 3, "num_statements": 3, "percent_covered": 100.0, "percent_covered_display": "100", "missing_lines": 0, "excluded_lines": 0, "percent_statements_covered": 100.0, "percent_statements_covered_display": "100"}, "missing_lines": [], "excluded_lines": [], "start_line": 95}, "StackSplitter._generate_nested_stack_cdk": {"executed_lines": [126, 128, 129, 132, 133, 135], "summary": {"covered_lines": 6, "num_statements": 6, "percent_covered": 100.0, "percent_covered_display": "100", "missing_lines": 0, "excluded_lines": 0, "percent_statements_covered": 100.0, "percent_statements_covered_display": "100"}, "missing_lines": [], "excluded_lines": [], "start_line": 124}, "": {"executed_lines": [3, 6, 9, 11, 15, 59, 87, 95, 124], "summary": {"covered_lines": 9, "num_statements": 9, "percent_covered": 100.0, "percent_covered_display": "100", "missing_lines": 0, "excluded_lines": 0, "percent_statements_covered": 100.0, "percent_statements_covered_display": "100"}, "missing_lines": [], "excluded_lines": [], "start_line": 1}}, "classes": {"StackSplitter": {"executed_lines": [13, 17, 25, 26, 27, 29, 30, 31, 32, 33, 34, 35, 36, 39, 42, 43, 44, 47, 48, 51, 52, 53, 54, 57, 63, 65, 67, 68, 76, 77, 78, 85, 89, 90, 91, 92, 97, 104, 111, 126, 128, 129, 132, 133, 135], "summary": {"covered_lines": 45, "num_statements": 46, "percent_covered": 97.82608695652173, "percent_covered_display": "98", "missing_lines": 1, "excluded_lines": 0, "percent_statements_covered": 97.82608695652173, "percent_statements_covered_display": "98"}, "missing_lines": [93], "excluded_lines": [], "start_line": 6}, "": {"executed_lines": [3, 6, 9, 11, 15, 59, 87, 95, 124], "summary": {"covered_lines": 9, "num_statements": 9, "percent_covered": 100.0, "percent_covered_display": "100", "missing_lines": 0, "excluded_lines": 0, "percent_statements_covered": 100.0, "percent_statements_covered_display": "100"}, "missing_lines": [], "excluded_lines": [], "start_line": 1}}}, "src/scaffold_ai/services/templates.py": {"executed_lines": [3, 6, 9, 133, 135, 145, 147, 148, 150, 153, 155, 157], "summary": {"covered_lines": 12, "num_statements": 12, "percent_covered": 100.0, "percent_covered_display": "100", "missing_lines": 0, "excluded_lines": 0, "percent_statements_covered": 100.0, "percent_statements_covered_display": "100"}, "missing_lines": [], "excluded_lines": [], "functions": {"ArchitectureTemplates.list_templates": {"executed_lines": [135], "summary": {"covered_lines": 1, "num_statements": 1, "percent_covered": 100.0, "percent_covered_display": "100", "missing_lines": 0, "excluded_lines": 0, "percent_statements_covered": 100.0, "percent_statements_covered_display": "100"}, "missing_lines": [], "excluded_lines": [], "start_line": 133}, "ArchitectureTemplates.get_template": {"executed_lines": [147, 148, 150, 153, 155, 157], "summary": {"covered_lines": 6, "num_statements": 6, "percent_covered": 100.0, "percent_covered_display": "100", "missing_lines": 0, "excluded_lines": 0, "percent_statements_covered": 100.0, "percent_statements_covered_display": "100"}, "missing_lines": [], "excluded_lines": [], "start_line": 145}, "": {"executed_lines": [3, 6, 9, 133, 145], "summary": {"covered_lines": 5, "num_statements": 5, "percent_covered": 100.0, "percent_covered_display": "100", "missing_lines": 0, "excluded_lines": 0, "percent_statements_covered": 100.0, "percent_statements_covered_display": "100"}, "missing_lines": [], "excluded_lines": [], "start_line": 1}}, "classes": {"ArchitectureTemplates": {"executed_lines": [135, 147, 148, 150, 153, 155, 157], "summary": {"covered_lines": 7, "num_statements": 7, "percent_covered": 100.0, "percent_covered_display": "100", "missing_lines": 0, "excluded_lines": 0, "percent_statements_covered": 100.0, "percent_statements_covered_display": "100"}, "missing_lines": [], "excluded_lines": [], "start_line": 6}, "": {"executed_lines": [3, 6, 9, 133, 145], "summary": {"covered_lines": 5, "num_statements": 5, "percent_covered": 100.0, "percent_covered_display": "100", "missing_lines": 0, "excluded_lines": 0, "percent_statements_covered": 100.0, "percent_statements_covered_display": "100"}, "missing_lines": [], "excluded_lines": [], "start_line": 1}}}, "src/scaffold_ai/tools/__init__.py": {"executed_lines": [3, 4, 6], "summary": {"covered_lines": 3, "num_statements": 3, "percent_covered": 100.0, "percent_covered_display": "100", "missing_lines": 0, "excluded_lines": 0, "percent_statements_covered": 100.0, "percent_statements_covered_display": "100"}, "missing_lines": [], "excluded_lines": [], "functions": {"": {"executed_lines": [3, 4, 6], "summary": {"covered_lines": 3, "num_statements": 3, "percent_covered": 100.0, "percent_covered_display": "100", "missing_lines": 0, "excluded_lines": 0, "percent_statements_covered": 100.0, "percent_statements_covered_display": "100"}, "missing_lines": [], "excluded_lines": [], "start_line": 1}}, "classes": {"": {"executed_lines": [3, 4, 6], "summary": {"covered_lines": 3, "num_statements": 3, "percent_covered": 100.0, "percent_covered_display": "100", "missing_lines": 0, "excluded_lines": 0, "percent_statements_covered": 100.0, "percent_statements_covered_display": "100"}, "missing_lines": [], "excluded_lines": [], "start_line": 1}}}, "src/scaffold_ai/tools/git_operator.py": {"executed_lines": [3, 4, 5, 8, 11, 12, 13, 15, 16, 18, 19, 20, 21, 22, 23, 25, 35, 36, 37, 38, 42, 53, 54, 56, 57, 58, 59, 63, 65, 66], "summary": {"covered_lines": 30, "num_statements": 36, "percent_covered": 83.33333333333333, "percent_covered_display": "83", "missing_lines": 6, "excluded_lines": 0, "percent_statements_covered": 83.33333333333333, "percent_statements_covered_display": "83"}, "missing_lines": [39, 40, 60, 61, 67, 68], "excluded_lines": [], "functions": {"GitOperatorTool.__init__": {"executed_lines": [12, 13], "summary": {"covered_lines": 2, "num_statements": 2, "percent_covered": 100.0, "percent_covered_display": "100", "missing_lines": 0, "excluded_lines": 0, "percent_statements_covered": 100.0, "percent_statements_covered_display": "100"}, "missing_lines": [], "excluded_lines": [], "start_line": 11}, "GitOperatorTool.repo": {"executed_lines": [18, 19, 20, 21, 22, 23], "summary": {"covered_lines": 6, "num_statements": 6, "percent_covered": 100.0, "percent_covered_display": "100", "missing_lines": 0, "excluded_lines": 0, "percent_statements_covered": 100.0, "percent_statements_covered_display": "100"}, "missing_lines": [], "excluded_lines": [], "start_line": 16}, "GitOperatorTool.create_branch": {"executed_lines": [35, 36, 37, 38], "summary": {"covered_lines": 4, "num_statements": 6, "percent_covered": 66.66666666666667, "percent_covered_display": "67", "missing_lines": 2, "excluded_lines": 0, "percent_statements_covered": 66.66666666666667, "percent_statements_covered_display": "67"}, "missing_lines": [39, 40], "excluded_lines": [], "start_line": 25}, "GitOperatorTool.commit_changes": {"executed_lines": [53, 54, 56, 57, 58, 59], "summary": {"covered_lines": 6, "num_statements": 8, "percent_covered": 75.0, "percent_covered_display": "75", "missing_lines": 2, "excluded_lines": 0, "percent_statements_covered": 75.0, "percent_statements_covered_display": "75"}, "missing_lines": [60, 61], "excluded_lines": [], "start_line": 42}, "GitOperatorTool.get_diff": {"executed_lines": [65, 66], "summary": {"covered_lines": 2, "num_statements": 4, "percent_covered": 50.0, "percent_covered_display": "50", "missing_lines": 2, "excluded_lines": 0, "percent_statements_covered": 50.0, "percent_statements_covered_display": "50"}, "missing_lines": [67, 68], "excluded_lines": [], "start_line": 63}, "": {"executed_lines": [3, 4, 5, 8, 11, 15, 16, 25, 42, 63], "summary": {"covered_lines": 10, "num_statements": 10, "percent_covered": 100.0, "percent_covered_display": "100", "missing_lines": 0, "excluded_lines": 0, "percent_statements_covered": 100.0, "percent_statements_covered_display": "100"}, "missing_lines": [], "excluded_lines": [], "start_line": 1}}, "classes": {"GitOperatorTool": {"executed_lines": [12, 13, 18, 19, 20, 21, 22, 23, 35, 36, 37, 38, 53, 54, 56, 57, 58, 59, 65, 66], "summary": {"covered_lines": 20, "num_statements": 26, "percent_covered": 76.92307692307692, "percent_covered_display": "77", "missing_lines": 6, "excluded_lines": 0, "percent_statements_covered": 76.92307692307692, "percent_statements_covered_display": "77"}, "missing_lines": [39, 40, 60, 61, 67, 68], "excluded_lines": [], "start_line": 8}, "": {"executed_lines": [3, 4, 5, 8, 11, 15, 16, 25, 42, 63], "summary": {"covered_lines": 10, "num_statements": 10, "percent_covered": 100.0, "percent_covered_display": "100", "missing_lines": 0, "excluded_lines": 0, "percent_statements_covered": 100.0, "percent_statements_covered_display": "100"}, "missing_lines": [], "excluded_lines": [], "start_line": 1}}}, "src/scaffold_ai/tools/synthesizer.py": {"executed_lines": [3, 4, 7, 10, 11, 13, 20, 21, 29, 30, 35, 40, 41, 45, 46, 50, 51, 56, 63, 65, 66, 67, 68, 70, 77, 79, 80, 82, 84, 85], "summary": {"covered_lines": 30, "num_statements": 30, "percent_covered": 100.0, "percent_covered_display": "100", "missing_lines": 0, "excluded_lines": 0, "percent_statements_covered": 100.0, "percent_statements_covered_display": "100"}, "missing_lines": [], "excluded_lines": [], "functions": {"SynthesizerTool.__init__": {"executed_lines": [11], "summary": {"covered_lines": 1, "num_statements": 1, "percent_covered": 100.0, "percent_covered_display": "100", "missing_lines": 0, "excluded_lines": 0, "percent_statements_covered": 100.0, "percent_statements_covered_display": "100"}, "missing_lines": [], "excluded_lines": [], "start_line": 10}, "SynthesizerTool.synth": {"executed_lines": [20, 21, 29, 30, 35, 40, 41, 45, 46, 50, 51], "summary": {"covered_lines": 11, "num_statements": 11, "percent_covered": 100.0, "percent_covered_display": "100", "missing_lines": 0, "excluded_lines": 0, "percent_statements_covered": 100.0, "percent_statements_covered_display": "100"}, "missing_lines": [], "excluded_lines": [], "start_line": 13}, "SynthesizerTool.validate_typescript": {"executed_lines": [63, 65, 66, 67, 68, 70, 77, 79, 80, 82, 84, 85], "summary": {"covered_lines": 12, "num_statements": 12, "percent_covered": 100.0, "percent_covered_display": "100", "missing_lines": 0, "excluded_lines": 0, "percent_statements_covered": 100.0, "percent_statements_covered_display": "100"}, "missing_lines": [], "excluded_lines": [], "start_line": 56}, "": {"executed_lines": [3, 4, 7, 10, 13, 56], "summary": {"covered_lines": 6, "num_statements": 6, "percent_covered": 100.0, "percent_covered_display": "100", "missing_lines": 0, "excluded_lines": 0, "percent_statements_covered": 100.0, "percent_statements_covered_display": "100"}, "missing_lines": [], "excluded_lines": [], "start_line": 1}}, "classes": {"SynthesizerTool": {"executed_lines": [11, 20, 21, 29, 30, 35, 40, 41, 45, 46, 50, 51, 63, 65, 66, 67, 68, 70, 77, 79, 80, 82, 84, 85], "summary": {"covered_lines": 24, "num_statements": 24, "percent_covered": 100.0, "percent_covered_display": "100", "missing_lines": 0, "excluded_lines": 0, "percent_statements_covered": 100.0, "percent_statements_covered_display": "100"}, "missing_lines": [], "excluded_lines": [], "start_line": 7}, "": {"executed_lines": [3, 4, 7, 10, 13, 56], "summary": {"covered_lines": 6, "num_statements": 6, "percent_covered": 100.0, "percent_covered_display": "100", "missing_lines": 0, "excluded_lines": 0, "percent_statements_covered": 100.0, "percent_statements_covered_display": "100"}, "missing_lines": [], "excluded_lines": [], "start_line": 1}}}, "src/scaffold_ai/utils/llm_utils.py": {"executed_lines": [4, 10, 11, 15], "summary": {"covered_lines": 4, "num_statements": 7, "percent_covered": 57.142857142857146, "percent_covered_display": "57", "missing_lines": 3, "excluded_lines": 0, "percent_statements_covered": 57.142857142857146, "percent_statements_covered_display": "57"}, "missing_lines": [12, 13, 14], "excluded_lines": [], "functions": {"strip_code_fences": {"executed_lines": [10, 11, 15], "summary": {"covered_lines": 3, "num_statements": 6, "percent_covered": 50.0, "percent_covered_display": "50", "missing_lines": 3, "excluded_lines": 0, "percent_statements_covered": 50.0, "percent_statements_covered_display": "50"}, "missing_lines": [12, 13, 14], "excluded_lines": [], "start_line": 4}, "": {"executed_lines": [4], "summary": {"covered_lines": 1, "num_statements": 1, "percent_covered": 100.0, "percent_covered_display": "100", "missing_lines": 0, "excluded_lines": 0, "percent_statements_covered": 100.0, "percent_statements_covered_display": "100"}, "missing_lines": [], "excluded_lines": [], "start_line": 1}}, "classes": {"": {"executed_lines": [4, 10, 11, 15], "summary": {"covered_lines": 4, "num_statements": 7, "percent_covered": 57.142857142857146, "percent_covered_display": "57", "missing_lines": 3, "excluded_lines": 0, "percent_statements_covered": 57.142857142857146, "percent_statements_covered_display": "57"}, "missing_lines": [12, 13, 14], "excluded_lines": [], "start_line": 1}}}}, "totals": {"covered_lines": 1281, "num_statements": 1459, "percent_covered": 87.79986291980809, "percent_covered_display": "88", "missing_lines": 178, "excluded_lines": 0, "percent_statements_covered": 87.79986291980809, "percent_statements_covered_display": "88"}}